{"uid":"a6173f1a945d6075","name":"testStatusFilterDisplaysCorrectUsers","fullName":"xyz.npgw.test.run.TeamPageTest.testStatusFilterDisplaysCorrectUsers","historyId":"60a76202bd632e6f47000c9ef3972837","time":{"start":1749374001814,"stop":1749374008547,"duration":6733},"description":"Status filter correctly displays users with 'Active' or 'Inactive' status","descriptionHtml":"<p>Status filter correctly displays users with 'Active' or 'Inactive' status</p>\n","status":"skipped","statusMessage":"Row with header '0608.091321.filter@email.com' not found on any page.","statusTrace":"java.util.NoSuchElementException: Row with header '0608.091321.filter@email.com' not found on any page.\n\tat xyz.npgw.test.page.common.table.BaseTableComponent.getRow(BaseTableComponent.java:70)\n\tat xyz.npgw.test.page.common.table.UserTableComponent.clickDeactivateUserButton(UserTableComponent.java:31)\n\tat xyz.npgw.test.page.common.table.UserTableComponent.deactivateUser(UserTableComponent.java:56)\n\tat xyz.npgw.test.run.TeamPageTest.testStatusFilterDisplaysCorrectUsers(TeamPageTest.java:473)\n\tat java.base/jdk.internal.reflect.NativeMethodAccessorImpl.invoke0(Native Method)\n\tat java.base/jdk.internal.reflect.NativeMethodAccessorImpl.invoke(NativeMethodAccessorImpl.java:77)\n\tat java.base/jdk.internal.reflect.DelegatingMethodAccessorImpl.invoke(DelegatingMethodAccessorImpl.java:43)\n\tat java.base/java.lang.reflect.Method.invoke(Method.java:569)\n\tat org.testng.internal.invokers.MethodInvocationHelper.invokeMethod(MethodInvocationHelper.java:141)\n\tat org.testng.internal.invokers.TestInvoker.invokeMethod(TestInvoker.java:686)\n\tat org.testng.internal.invokers.TestInvoker.invokeTestMethod(TestInvoker.java:230)\n\tat org.testng.internal.invokers.MethodRunner.runInSequence(MethodRunner.java:63)\n\tat org.testng.internal.invokers.TestInvoker$MethodInvocationAgent.invoke(TestInvoker.java:992)\n\tat org.testng.internal.invokers.TestInvoker.invokeTestMethods(TestInvoker.java:203)\n\tat org.testng.internal.invokers.TestMethodWorker.invokeTestMethods(TestMethodWorker.java:154)\n\tat org.testng.internal.invokers.TestMethodWorker.run(TestMethodWorker.java:134)\n\tat java.base/java.util.concurrent.Executors$RunnableAdapter.call(Executors.java:539)\n\tat java.base/java.util.concurrent.FutureTask.run(FutureTask.java:264)\n\tat org.testng.internal.thread.graph.TestNGFutureTask.run(TestNGFutureTask.java:22)\n\tat java.base/java.util.concurrent.ThreadPoolExecutor.runWorker(ThreadPoolExecutor.java:1136)\n\tat java.base/java.util.concurrent.ThreadPoolExecutor$Worker.run(ThreadPoolExecutor.java:635)\n\tat java.base/java.lang.Thread.run(Thread.java:840)\n","flaky":false,"newFailed":false,"newBroken":false,"newPassed":false,"retriesCount":0,"retriesStatusChange":false,"beforeStages":[{"name":"beforeClass","time":{"start":1749373746535,"stop":1749373767924,"duration":21389},"description":"","status":"passed","steps":[],"attachments":[],"parameters":[],"shouldDisplayMessage":false,"stepsCount":0,"attachmentsCount":0,"hasContent":false,"attachmentStep":false},{"name":"beforeMethod","time":{"start":1749373995652,"stop":1749374001813,"duration":6161},"description":"","status":"passed","steps":[{"name":"Navigate to '/' endpoint","time":{"start":1749373996290,"stop":1749373997545,"duration":1255},"status":"passed","steps":[],"attachments":[],"parameters":[{"name":"url","value":"/"}],"shouldDisplayMessage":false,"stepsCount":0,"attachmentsCount":0,"hasContent":true,"attachmentStep":false},{"name":"Login to the site as '0608.090905.21.super@email.com'","time":{"start":1749373997545,"stop":1749374001813,"duration":4268},"status":"passed","steps":[{"name":"Enter the user's email in the 'Email' field","time":{"start":1749373997545,"stop":1749373998871,"duration":1326},"status":"passed","steps":[],"attachments":[],"parameters":[{"name":"userEmail","value":"0608.090905.21.super@email.com"}],"shouldDisplayMessage":false,"stepsCount":0,"attachmentsCount":0,"hasContent":true,"attachmentStep":false},{"name":"Enter the user's password in the 'Password' field","time":{"start":1749373998871,"stop":1749373998884,"duration":13},"status":"passed","steps":[],"attachments":[],"parameters":[{"name":"Password","value":"******"}],"shouldDisplayMessage":false,"stepsCount":0,"attachmentsCount":0,"hasContent":true,"attachmentStep":false},{"name":"Press 'Login' button","time":{"start":1749373998884,"stop":1749373998945,"duration":61},"status":"passed","steps":[],"attachments":[],"parameters":[],"shouldDisplayMessage":false,"stepsCount":0,"attachmentsCount":0,"hasContent":false,"attachmentStep":false}],"attachments":[],"parameters":[{"name":"email","value":"0608.090905.21.super@email.com"},{"name":"password","value":"Qwerty123!"}],"shouldDisplayMessage":false,"stepsCount":3,"attachmentsCount":0,"hasContent":true,"attachmentStep":false}],"attachments":[],"parameters":[],"shouldDisplayMessage":false,"stepsCount":5,"attachmentsCount":0,"hasContent":true,"attachmentStep":false}],"testStage":{"description":"Status filter correctly displays users with 'Active' or 'Inactive' status","status":"skipped","statusMessage":"Row with header '0608.091321.filter@email.com' not found on any page.","statusTrace":"java.util.NoSuchElementException: Row with header '0608.091321.filter@email.com' not found on any page.\n\tat xyz.npgw.test.page.common.table.BaseTableComponent.getRow(BaseTableComponent.java:70)\n\tat xyz.npgw.test.page.common.table.UserTableComponent.clickDeactivateUserButton(UserTableComponent.java:31)\n\tat xyz.npgw.test.page.common.table.UserTableComponent.deactivateUser(UserTableComponent.java:56)\n\tat xyz.npgw.test.run.TeamPageTest.testStatusFilterDisplaysCorrectUsers(TeamPageTest.java:473)\n\tat java.base/jdk.internal.reflect.NativeMethodAccessorImpl.invoke0(Native Method)\n\tat java.base/jdk.internal.reflect.NativeMethodAccessorImpl.invoke(NativeMethodAccessorImpl.java:77)\n\tat java.base/jdk.internal.reflect.DelegatingMethodAccessorImpl.invoke(DelegatingMethodAccessorImpl.java:43)\n\tat java.base/java.lang.reflect.Method.invoke(Method.java:569)\n\tat org.testng.internal.invokers.MethodInvocationHelper.invokeMethod(MethodInvocationHelper.java:141)\n\tat org.testng.internal.invokers.TestInvoker.invokeMethod(TestInvoker.java:686)\n\tat org.testng.internal.invokers.TestInvoker.invokeTestMethod(TestInvoker.java:230)\n\tat org.testng.internal.invokers.MethodRunner.runInSequence(MethodRunner.java:63)\n\tat org.testng.internal.invokers.TestInvoker$MethodInvocationAgent.invoke(TestInvoker.java:992)\n\tat org.testng.internal.invokers.TestInvoker.invokeTestMethods(TestInvoker.java:203)\n\tat org.testng.internal.invokers.TestMethodWorker.invokeTestMethods(TestMethodWorker.java:154)\n\tat org.testng.internal.invokers.TestMethodWorker.run(TestMethodWorker.java:134)\n\tat java.base/java.util.concurrent.Executors$RunnableAdapter.call(Executors.java:539)\n\tat java.base/java.util.concurrent.FutureTask.run(FutureTask.java:264)\n\tat org.testng.internal.thread.graph.TestNGFutureTask.run(TestNGFutureTask.java:22)\n\tat java.base/java.util.concurrent.ThreadPoolExecutor.runWorker(ThreadPoolExecutor.java:1136)\n\tat java.base/java.util.concurrent.ThreadPoolExecutor$Worker.run(ThreadPoolExecutor.java:635)\n\tat java.base/java.lang.Thread.run(Thread.java:840)\n","steps":[{"name":"Click on 'System administration' menu in Header","time":{"start":1749374001815,"stop":1749374003310,"duration":1495},"status":"passed","steps":[],"attachments":[],"parameters":[],"shouldDisplayMessage":false,"stepsCount":0,"attachmentsCount":0,"hasContent":false,"attachmentStep":false},{"name":"Select '0608.090905.21 test run company' company using filter","time":{"start":1749374003311,"stop":1749374003798,"duration":487},"status":"passed","steps":[],"attachments":[],"parameters":[{"name":"companyName","value":"0608.090905.21 test run company"}],"shouldDisplayMessage":false,"stepsCount":0,"attachmentsCount":0,"hasContent":true,"attachmentStep":false},{"name":"Click 'Add user' button","time":{"start":1749374003798,"stop":1749374003860,"duration":62},"status":"passed","steps":[],"attachments":[],"parameters":[],"shouldDisplayMessage":false,"stepsCount":0,"attachmentsCount":0,"hasContent":false,"attachmentStep":false},{"name":"Enter user email","time":{"start":1749374003860,"stop":1749374004790,"duration":930},"status":"passed","steps":[],"attachments":[],"parameters":[{"name":"email","value":"0608.091321.filter@email.com"}],"shouldDisplayMessage":false,"stepsCount":0,"attachmentsCount":0,"hasContent":true,"attachmentStep":false},{"name":"Enter user password","time":{"start":1749374004790,"stop":1749374004809,"duration":19},"status":"passed","steps":[],"attachments":[],"parameters":[{"name":"Password","value":"******"}],"shouldDisplayMessage":false,"stepsCount":0,"attachmentsCount":0,"hasContent":true,"attachmentStep":false},{"name":"Check 'Company admin' user role radiobutton","time":{"start":1749374004809,"stop":1749374004933,"duration":124},"status":"passed","steps":[],"attachments":[],"parameters":[],"shouldDisplayMessage":false,"stepsCount":0,"attachmentsCount":0,"hasContent":false,"attachmentStep":false},{"name":"Click 'Create' button","time":{"start":1749374004933,"stop":1749374005035,"duration":102},"status":"passed","steps":[],"attachments":[],"parameters":[],"shouldDisplayMessage":false,"stepsCount":0,"attachmentsCount":0,"hasContent":false,"attachmentStep":false},{"name":"Click 'Refresh data' button","time":{"start":1749374005035,"stop":1749374007481,"duration":2446},"status":"passed","steps":[],"attachments":[],"parameters":[],"shouldDisplayMessage":false,"stepsCount":0,"attachmentsCount":0,"hasContent":false,"attachmentStep":false},{"name":"Deactivate user","time":{"start":1749374007482,"stop":1749374008546,"duration":1064},"status":"broken","statusMessage":"Row with header '0608.091321.filter@email.com' not found on any page.","statusTrace":"java.util.NoSuchElementException: Row with header '0608.091321.filter@email.com' not found on any page.\n\tat xyz.npgw.test.page.common.table.BaseTableComponent.getRow(BaseTableComponent.java:70)\n\tat xyz.npgw.test.page.common.table.UserTableComponent.clickDeactivateUserButton(UserTableComponent.java:31)\n\tat xyz.npgw.test.page.common.table.UserTableComponent.deactivateUser(UserTableComponent.java:56)\n\tat xyz.npgw.test.run.TeamPageTest.testStatusFilterDisplaysCorrectUsers(TeamPageTest.java:473)\n\tat java.base/jdk.internal.reflect.NativeMethodAccessorImpl.invoke0(Native Method)\n\tat java.base/jdk.internal.reflect.NativeMethodAccessorImpl.invoke(NativeMethodAccessorImpl.java:77)\n\tat java.base/jdk.internal.reflect.DelegatingMethodAccessorImpl.invoke(DelegatingMethodAccessorImpl.java:43)\n\tat java.base/java.lang.reflect.Method.invoke(Method.java:569)\n\tat org.testng.internal.invokers.MethodInvocationHelper.invokeMethod(MethodInvocationHelper.java:141)\n\tat org.testng.internal.invokers.TestInvoker.invokeMethod(TestInvoker.java:686)\n\tat org.testng.internal.invokers.TestInvoker.invokeTestMethod(TestInvoker.java:230)\n\tat org.testng.internal.invokers.MethodRunner.runInSequence(MethodRunner.java:63)\n\tat org.testng.internal.invokers.TestInvoker$MethodInvocationAgent.invoke(TestInvoker.java:992)\n\tat org.testng.internal.invokers.TestInvoker.invokeTestMethods(TestInvoker.java:203)\n\tat org.testng.internal.invokers.TestMethodWorker.invokeTestMethods(TestMethodWorker.java:154)\n\tat org.testng.internal.invokers.TestMethodWorker.run(TestMethodWorker.java:134)\n\tat java.base/java.util.concurrent.Executors$RunnableAdapter.call(Executors.java:539)\n\tat java.base/java.util.concurrent.FutureTask.run(FutureTask.java:264)\n\tat org.testng.internal.thread.graph.TestNGFutureTask.run(TestNGFutureTask.java:22)\n\tat java.base/java.util.concurrent.ThreadPoolExecutor.runWorker(ThreadPoolExecutor.java:1136)\n\tat java.base/java.util.concurrent.ThreadPoolExecutor$Worker.run(ThreadPoolExecutor.java:635)\n\tat java.base/java.lang.Thread.run(Thread.java:840)\n","steps":[{"name":"Click 'Deactivate user' button","time":{"start":1749374007482,"stop":1749374008546,"duration":1064},"status":"broken","statusMessage":"Row with header '0608.091321.filter@email.com' not found on any page.","statusTrace":"java.util.NoSuchElementException: Row with header '0608.091321.filter@email.com' not found on any page.\n\tat xyz.npgw.test.page.common.table.BaseTableComponent.getRow(BaseTableComponent.java:70)\n\tat xyz.npgw.test.page.common.table.UserTableComponent.clickDeactivateUserButton(UserTableComponent.java:31)\n\tat xyz.npgw.test.page.common.table.UserTableComponent.deactivateUser(UserTableComponent.java:56)\n\tat xyz.npgw.test.run.TeamPageTest.testStatusFilterDisplaysCorrectUsers(TeamPageTest.java:473)\n\tat java.base/jdk.internal.reflect.NativeMethodAccessorImpl.invoke0(Native Method)\n\tat java.base/jdk.internal.reflect.NativeMethodAccessorImpl.invoke(NativeMethodAccessorImpl.java:77)\n\tat java.base/jdk.internal.reflect.DelegatingMethodAccessorImpl.invoke(DelegatingMethodAccessorImpl.java:43)\n\tat java.base/java.lang.reflect.Method.invoke(Method.java:569)\n\tat org.testng.internal.invokers.MethodInvocationHelper.invokeMethod(MethodInvocationHelper.java:141)\n\tat org.testng.internal.invokers.TestInvoker.invokeMethod(TestInvoker.java:686)\n\tat org.testng.internal.invokers.TestInvoker.invokeTestMethod(TestInvoker.java:230)\n\tat org.testng.internal.invokers.MethodRunner.runInSequence(MethodRunner.java:63)\n\tat org.testng.internal.invokers.TestInvoker$MethodInvocationAgent.invoke(TestInvoker.java:992)\n\tat org.testng.internal.invokers.TestInvoker.invokeTestMethods(TestInvoker.java:203)\n\tat org.testng.internal.invokers.TestMethodWorker.invokeTestMethods(TestMethodWorker.java:154)\n\tat org.testng.internal.invokers.TestMethodWorker.run(TestMethodWorker.java:134)\n\tat java.base/java.util.concurrent.Executors$RunnableAdapter.call(Executors.java:539)\n\tat java.base/java.util.concurrent.FutureTask.run(FutureTask.java:264)\n\tat org.testng.internal.thread.graph.TestNGFutureTask.run(TestNGFutureTask.java:22)\n\tat java.base/java.util.concurrent.ThreadPoolExecutor.runWorker(ThreadPoolExecutor.java:1136)\n\tat java.base/java.util.concurrent.ThreadPoolExecutor$Worker.run(ThreadPoolExecutor.java:635)\n\tat java.base/java.lang.Thread.run(Thread.java:840)\n","steps":[],"attachments":[],"parameters":[{"name":"email","value":"0608.091321.filter@email.com"}],"shouldDisplayMessage":true,"stepsCount":0,"attachmentsCount":0,"hasContent":true,"attachmentStep":false}],"attachments":[],"parameters":[{"name":"email","value":"0608.091321.filter@email.com"}],"shouldDisplayMessage":false,"stepsCount":1,"attachmentsCount":0,"hasContent":true,"attachmentStep":false}],"attachments":[],"parameters":[],"shouldDisplayMessage":false,"stepsCount":10,"attachmentsCount":0,"hasContent":true,"attachmentStep":false},"afterStages":[{"name":"afterMethod","time":{"start":1749374008551,"stop":1749374008582,"duration":31},"description":"","status":"passed","steps":[],"attachments":[],"parameters":[],"shouldDisplayMessage":false,"stepsCount":0,"attachmentsCount":0,"hasContent":false,"attachmentStep":false},{"name":"afterClass","time":{"start":1749374034395,"stop":1749374044788,"duration":10393},"description":"","status":"passed","steps":[],"attachments":[],"parameters":[],"shouldDisplayMessage":false,"stepsCount":0,"attachmentsCount":0,"hasContent":false,"attachmentStep":false}],"labels":[{"name":"package","value":"xyz.npgw.test.run.TeamPageTest"},{"name":"testClass","value":"xyz.npgw.test.run.TeamPageTest"},{"name":"testMethod","value":"testStatusFilterDisplaysCorrectUsers"},{"name":"parentSuite","value":"suite name"},{"name":"suite","value":"test name"},{"name":"subSuite","value":"xyz.npgw.test.run.TeamPageTest"},{"name":"host","value":"fv-az1778-213"},{"name":"thread","value":"2757@fv-az1778-213.TestNG-test-test name-2(21)"},{"name":"framework","value":"testng"},{"name":"language","value":"java"},{"name":"feature","value":"Status"},{"name":"epic","value":"System/Team"},{"name":"resultFormat","value":"allure2"}],"parameters":[],"links":[{"name":"531","url":"https://github.com/NPGW/npgw-ui-test/issues/531","type":"tms"}],"hidden":true,"retry":true,"extra":{"categories":[],"tags":[]},"source":"a6173f1a945d6075.json","parameterValues":[]}