{"uid":"f3d881b3f5b3b3e3","name":"testCheckMerchantId","fullName":"xyz.npgw.test.run.DashboardPageTest.testCheckMerchantId","historyId":"aeb9eaee7d2f20fa660efe8ceeeaa6ef","time":{"start":1749374063547,"stop":1749374064015,"duration":468},"description":"Correct merchant ID is sent to the server","descriptionHtml":"<p>Correct merchant ID is sent to the server</p>\n","status":"broken","statusMessage":"Company '0608.090905 dashboard company' not found. Dropdown list is empty.","statusTrace":"java.util.NoSuchElementException: Company '0608.090905 dashboard company' not found. Dropdown list is empty.\n\tat xyz.npgw.test.page.common.SelectCompanyComponent.selectCompany(SelectCompanyComponent.java:51)\n\tat xyz.npgw.test.run.DashboardPageTest.testCheckMerchantId(DashboardPageTest.java:127)\n\tat java.base/jdk.internal.reflect.NativeMethodAccessorImpl.invoke0(Native Method)\n\tat java.base/jdk.internal.reflect.NativeMethodAccessorImpl.invoke(NativeMethodAccessorImpl.java:77)\n\tat java.base/jdk.internal.reflect.DelegatingMethodAccessorImpl.invoke(DelegatingMethodAccessorImpl.java:43)\n\tat java.base/java.lang.reflect.Method.invoke(Method.java:569)\n\tat org.testng.internal.invokers.MethodInvocationHelper.invokeMethod(MethodInvocationHelper.java:141)\n\tat org.testng.internal.invokers.TestInvoker.invokeMethod(TestInvoker.java:686)\n\tat org.testng.internal.invokers.TestInvoker.retryFailed(TestInvoker.java:269)\n\tat org.testng.internal.invokers.MethodRunner.runInSequence(MethodRunner.java:76)\n\tat org.testng.internal.invokers.TestInvoker$MethodInvocationAgent.invoke(TestInvoker.java:992)\n\tat org.testng.internal.invokers.TestInvoker.invokeTestMethods(TestInvoker.java:203)\n\tat org.testng.internal.invokers.TestMethodWorker.invokeTestMethods(TestMethodWorker.java:154)\n\tat org.testng.internal.invokers.TestMethodWorker.run(TestMethodWorker.java:134)\n\tat java.base/java.util.concurrent.Executors$RunnableAdapter.call(Executors.java:539)\n\tat java.base/java.util.concurrent.FutureTask.run(FutureTask.java:264)\n\tat org.testng.internal.thread.graph.TestNGFutureTask.run(TestNGFutureTask.java:22)\n\tat java.base/java.util.concurrent.ThreadPoolExecutor.runWorker(ThreadPoolExecutor.java:1136)\n\tat java.base/java.util.concurrent.ThreadPoolExecutor$Worker.run(ThreadPoolExecutor.java:635)\n\tat java.base/java.lang.Thread.run(Thread.java:840)\n","flaky":false,"newFailed":false,"newBroken":true,"newPassed":false,"retriesCount":1,"retriesStatusChange":true,"beforeStages":[{"name":"beforeClass","time":{"start":1749374044789,"stop":1749374047916,"duration":3127},"description":"","status":"passed","steps":[],"attachments":[],"parameters":[],"shouldDisplayMessage":false,"stepsCount":0,"attachmentsCount":0,"hasContent":false,"attachmentStep":false},{"name":"beforeMethod","time":{"start":1749374057330,"stop":1749374063545,"duration":6215},"description":"","status":"passed","steps":[{"name":"Navigate to '/' endpoint","time":{"start":1749374058057,"stop":1749374059585,"duration":1528},"status":"passed","steps":[],"attachments":[],"parameters":[{"name":"url","value":"/"}],"shouldDisplayMessage":false,"stepsCount":0,"attachmentsCount":0,"hasContent":true,"attachmentStep":false},{"name":"Login to the site as '0608.090905.21.super@email.com'","time":{"start":1749374059586,"stop":1749374063545,"duration":3959},"status":"passed","steps":[{"name":"Enter the user's email in the 'Email' field","time":{"start":1749374059586,"stop":1749374061010,"duration":1424},"status":"passed","steps":[],"attachments":[],"parameters":[{"name":"userEmail","value":"0608.090905.21.super@email.com"}],"shouldDisplayMessage":false,"stepsCount":0,"attachmentsCount":0,"hasContent":true,"attachmentStep":false},{"name":"Enter the user's password in the 'Password' field","time":{"start":1749374061010,"stop":1749374061066,"duration":56},"status":"passed","steps":[],"attachments":[],"parameters":[{"name":"Password","value":"******"}],"shouldDisplayMessage":false,"stepsCount":0,"attachmentsCount":0,"hasContent":true,"attachmentStep":false},{"name":"Press 'Login' button","time":{"start":1749374061066,"stop":1749374061172,"duration":106},"status":"passed","steps":[],"attachments":[],"parameters":[],"shouldDisplayMessage":false,"stepsCount":0,"attachmentsCount":0,"hasContent":false,"attachmentStep":false}],"attachments":[],"parameters":[{"name":"email","value":"0608.090905.21.super@email.com"},{"name":"password","value":"Qwerty123!"}],"shouldDisplayMessage":false,"stepsCount":3,"attachmentsCount":0,"hasContent":true,"attachmentStep":false}],"attachments":[],"parameters":[],"shouldDisplayMessage":false,"stepsCount":5,"attachmentsCount":0,"hasContent":true,"attachmentStep":false}],"testStage":{"description":"Correct merchant ID is sent to the server","status":"broken","statusMessage":"Company '0608.090905 dashboard company' not found. Dropdown list is empty.","statusTrace":"java.util.NoSuchElementException: Company '0608.090905 dashboard company' not found. Dropdown list is empty.\n\tat xyz.npgw.test.page.common.SelectCompanyComponent.selectCompany(SelectCompanyComponent.java:51)\n\tat xyz.npgw.test.run.DashboardPageTest.testCheckMerchantId(DashboardPageTest.java:127)\n\tat java.base/jdk.internal.reflect.NativeMethodAccessorImpl.invoke0(Native Method)\n\tat java.base/jdk.internal.reflect.NativeMethodAccessorImpl.invoke(NativeMethodAccessorImpl.java:77)\n\tat java.base/jdk.internal.reflect.DelegatingMethodAccessorImpl.invoke(DelegatingMethodAccessorImpl.java:43)\n\tat java.base/java.lang.reflect.Method.invoke(Method.java:569)\n\tat org.testng.internal.invokers.MethodInvocationHelper.invokeMethod(MethodInvocationHelper.java:141)\n\tat org.testng.internal.invokers.TestInvoker.invokeMethod(TestInvoker.java:686)\n\tat org.testng.internal.invokers.TestInvoker.retryFailed(TestInvoker.java:269)\n\tat org.testng.internal.invokers.MethodRunner.runInSequence(MethodRunner.java:76)\n\tat org.testng.internal.invokers.TestInvoker$MethodInvocationAgent.invoke(TestInvoker.java:992)\n\tat org.testng.internal.invokers.TestInvoker.invokeTestMethods(TestInvoker.java:203)\n\tat org.testng.internal.invokers.TestMethodWorker.invokeTestMethods(TestMethodWorker.java:154)\n\tat org.testng.internal.invokers.TestMethodWorker.run(TestMethodWorker.java:134)\n\tat java.base/java.util.concurrent.Executors$RunnableAdapter.call(Executors.java:539)\n\tat java.base/java.util.concurrent.FutureTask.run(FutureTask.java:264)\n\tat org.testng.internal.thread.graph.TestNGFutureTask.run(TestNGFutureTask.java:22)\n\tat java.base/java.util.concurrent.ThreadPoolExecutor.runWorker(ThreadPoolExecutor.java:1136)\n\tat java.base/java.util.concurrent.ThreadPoolExecutor$Worker.run(ThreadPoolExecutor.java:635)\n\tat java.base/java.lang.Thread.run(Thread.java:840)\n","steps":[{"name":"Select '0608.090905 dashboard company' company using filter","time":{"start":1749374063548,"stop":1749374064014,"duration":466},"status":"broken","statusMessage":"Company '0608.090905 dashboard company' not found. Dropdown list is empty.","statusTrace":"java.util.NoSuchElementException: Company '0608.090905 dashboard company' not found. Dropdown list is empty.\n\tat xyz.npgw.test.page.common.SelectCompanyComponent.selectCompany(SelectCompanyComponent.java:51)\n\tat xyz.npgw.test.run.DashboardPageTest.testCheckMerchantId(DashboardPageTest.java:127)\n\tat java.base/jdk.internal.reflect.NativeMethodAccessorImpl.invoke0(Native Method)\n\tat java.base/jdk.internal.reflect.NativeMethodAccessorImpl.invoke(NativeMethodAccessorImpl.java:77)\n\tat java.base/jdk.internal.reflect.DelegatingMethodAccessorImpl.invoke(DelegatingMethodAccessorImpl.java:43)\n\tat java.base/java.lang.reflect.Method.invoke(Method.java:569)\n\tat org.testng.internal.invokers.MethodInvocationHelper.invokeMethod(MethodInvocationHelper.java:141)\n\tat org.testng.internal.invokers.TestInvoker.invokeMethod(TestInvoker.java:686)\n\tat org.testng.internal.invokers.TestInvoker.retryFailed(TestInvoker.java:269)\n\tat org.testng.internal.invokers.MethodRunner.runInSequence(MethodRunner.java:76)\n\tat org.testng.internal.invokers.TestInvoker$MethodInvocationAgent.invoke(TestInvoker.java:992)\n\tat org.testng.internal.invokers.TestInvoker.invokeTestMethods(TestInvoker.java:203)\n\tat org.testng.internal.invokers.TestMethodWorker.invokeTestMethods(TestMethodWorker.java:154)\n\tat org.testng.internal.invokers.TestMethodWorker.run(TestMethodWorker.java:134)\n\tat java.base/java.util.concurrent.Executors$RunnableAdapter.call(Executors.java:539)\n\tat java.base/java.util.concurrent.FutureTask.run(FutureTask.java:264)\n\tat org.testng.internal.thread.graph.TestNGFutureTask.run(TestNGFutureTask.java:22)\n\tat java.base/java.util.concurrent.ThreadPoolExecutor.runWorker(ThreadPoolExecutor.java:1136)\n\tat java.base/java.util.concurrent.ThreadPoolExecutor$Worker.run(ThreadPoolExecutor.java:635)\n\tat java.base/java.lang.Thread.run(Thread.java:840)\n","steps":[],"attachments":[],"parameters":[{"name":"companyName","value":"0608.090905 dashboard company"}],"shouldDisplayMessage":true,"stepsCount":0,"attachmentsCount":0,"hasContent":true,"attachmentStep":false}],"attachments":[],"parameters":[],"shouldDisplayMessage":false,"stepsCount":1,"attachmentsCount":0,"hasContent":true,"attachmentStep":false},"afterStages":[{"name":"afterMethod","time":{"start":1749374064049,"stop":1749374065421,"duration":1372},"description":"","status":"passed","steps":[],"attachments":[{"uid":"ae222e74951d69d9","name":"video","source":"ae222e74951d69d9.webm","type":"video/webm","size":205170},{"uid":"904c6f6cf0581aae","name":"tracing","source":"904c6f6cf0581aae.zip","type":"archive/zip","size":1102825}],"parameters":[],"shouldDisplayMessage":false,"stepsCount":0,"attachmentsCount":2,"hasContent":true,"attachmentStep":false},{"name":"afterClass","time":{"start":1749374135433,"stop":1749374138384,"duration":2951},"description":"","status":"passed","steps":[],"attachments":[],"parameters":[],"shouldDisplayMessage":false,"stepsCount":0,"attachmentsCount":0,"hasContent":false,"attachmentStep":false}],"labels":[{"name":"package","value":"xyz.npgw.test.run.DashboardPageTest"},{"name":"testClass","value":"xyz.npgw.test.run.DashboardPageTest"},{"name":"testMethod","value":"testCheckMerchantId"},{"name":"parentSuite","value":"suite name"},{"name":"suite","value":"test name"},{"name":"subSuite","value":"xyz.npgw.test.run.DashboardPageTest"},{"name":"host","value":"fv-az1778-213"},{"name":"thread","value":"2757@fv-az1778-213.TestNG-test-test name-2(21)"},{"name":"framework","value":"testng"},{"name":"language","value":"java"},{"name":"epic","value":"Dashboard"},{"name":"feature","value":"Refresh data"},{"name":"resultFormat","value":"allure2"}],"parameters":[],"links":[{"name":"609","url":"https://github.com/NPGW/npgw-ui-test/issues/609","type":"tms"}],"hidden":false,"retry":false,"extra":{"severity":"normal","retries":[{"uid":"b46a41ca5e6dd312","status":"skipped","statusDetails":"Company '0608.090905 dashboard company' not found. Dropdown list is empty.","time":{"start":1749374056550,"stop":1749374056789,"duration":239}}],"categories":[{"name":"Test defects","matchedStatuses":[],"flaky":false}],"history":{"statistic":{"failed":0,"broken":2,"skipped":1,"passed":5,"unknown":0,"total":8},"items":[{"uid":"fef3ff3f2e68f079","reportUrl":"https://aqaestuser.github.io/test/102//#testresult/fef3ff3f2e68f079","status":"passed","time":{"start":1749373016253,"stop":1749373017963,"duration":1710}},{"uid":"d53c9ad7137e5805","reportUrl":"https://aqaestuser.github.io/test/101//#testresult/d53c9ad7137e5805","status":"skipped","time":{"start":1749368914884,"stop":1749368914884,"duration":0}},{"uid":"ea5649a264a43a8e","reportUrl":"https://aqaestuser.github.io/test/100//#testresult/ea5649a264a43a8e","status":"passed","time":{"start":1749367603125,"stop":1749367604877,"duration":1752}},{"uid":"e3bb051f30b533b9","reportUrl":"https://aqaestuser.github.io/test/99//#testresult/e3bb051f30b533b9","status":"passed","time":{"start":1749366313580,"stop":1749366316200,"duration":2620}},{"uid":"72966e83038673ea","reportUrl":"https://aqaestuser.github.io/test/98//#testresult/72966e83038673ea","status":"passed","time":{"start":1749364935595,"stop":1749364938565,"duration":2970}},{"uid":"248b68dd2bb35940","reportUrl":"https://aqaestuser.github.io/test/97//#testresult/248b68dd2bb35940","status":"passed","time":{"start":1749363982821,"stop":1749363985622,"duration":2801}},{"uid":"8910d067e3afc582","reportUrl":"https://aqaestuser.github.io/test/96//#testresult/8910d067e3afc582","status":"broken","statusDetails":"Company '0608.060205 dashboard company' not found. Dropdown list is empty.","time":{"start":1749362834798,"stop":1749362835160,"duration":362}}]},"tags":[]},"source":"f3d881b3f5b3b3e3.json","parameterValues":[]}