{"uid":"d4e6b58256040ecd","name":"testCountOptionsSelectorRows","fullName":"xyz.npgw.test.run.TransactionsPageTest.testCountOptionsSelectorRows","historyId":"c890a0a153717a96fddb93e518cfb9bc","time":{"start":1744200920086,"stop":1744200920086,"duration":0},"description":"Displaying options when clicking on Selector Rows","descriptionHtml":"<p>Displaying options when clicking on Selector Rows</p>\n","status":"skipped","statusMessage":"Retrieve API idToken failed: {\"timestamp\":1744200920019,\"status\":401,\"message\":\"Password attempts exceeded\",\"path\":\"/portal-v1/user/token\",\"id\":\"id.error.dcecdc52b0ea494fa1e4a2213732e3c9\",\"code\":\"URE-401.1\"}","statusTrace":"java.lang.RuntimeException: Retrieve API idToken failed: {\"timestamp\":1744200920019,\"status\":401,\"message\":\"Password attempts exceeded\",\"path\":\"/portal-v1/user/token\",\"id\":\"id.error.dcecdc52b0ea494fa1e4a2213732e3c9\",\"code\":\"URE-401.1\"}\n\tat xyz.npgw.test.common.ApiContextUtils.getApiRequestContext(ApiContextUtils.java:38)\n\tat xyz.npgw.test.common.base.BaseTest.beforeMethod(BaseTest.java:73)\n\tat java.base/jdk.internal.reflect.NativeMethodAccessorImpl.invoke0(Native Method)\n\tat java.base/jdk.internal.reflect.NativeMethodAccessorImpl.invoke(NativeMethodAccessorImpl.java:77)\n\tat java.base/jdk.internal.reflect.DelegatingMethodAccessorImpl.invoke(DelegatingMethodAccessorImpl.java:43)\n\tat java.base/java.lang.reflect.Method.invoke(Method.java:569)\n\tat org.testng.internal.invokers.MethodInvocationHelper.invokeMethod(MethodInvocationHelper.java:141)\n\tat org.testng.internal.invokers.MethodInvocationHelper.invokeMethodConsideringTimeout(MethodInvocationHelper.java:71)\n\tat org.testng.internal.invokers.ConfigInvoker.invokeConfigurationMethod(ConfigInvoker.java:400)\n\tat org.testng.internal.invokers.ConfigInvoker.invokeConfigurations(ConfigInvoker.java:333)\n\tat org.testng.internal.invokers.TestInvoker.runConfigMethods(TestInvoker.java:833)\n\tat org.testng.internal.invokers.TestInvoker.invokeMethod(TestInvoker.java:600)\n\tat org.testng.internal.invokers.TestInvoker.invokeTestMethod(TestInvoker.java:230)\n\tat org.testng.internal.invokers.MethodRunner.runInSequence(MethodRunner.java:63)\n\tat org.testng.internal.invokers.TestInvoker$MethodInvocationAgent.invoke(TestInvoker.java:992)\n\tat org.testng.internal.invokers.TestInvoker.invokeTestMethods(TestInvoker.java:203)\n\tat org.testng.internal.invokers.TestMethodWorker.invokeTestMethods(TestMethodWorker.java:154)\n\tat org.testng.internal.invokers.TestMethodWorker.run(TestMethodWorker.java:134)\n\tat java.base/java.util.ArrayList.forEach(ArrayList.java:1511)\n\tat org.testng.TestRunner.privateRun(TestRunner.java:739)\n\tat org.testng.TestRunner.run(TestRunner.java:614)\n\tat org.testng.SuiteRunner.runTest(SuiteRunner.java:421)\n\tat org.testng.SuiteRunner.runSequentially(SuiteRunner.java:413)\n\tat org.testng.SuiteRunner.privateRun(SuiteRunner.java:373)\n\tat org.testng.SuiteRunner.run(SuiteRunner.java:312)\n\tat org.testng.SuiteRunnerWorker.runSuite(SuiteRunnerWorker.java:52)\n\tat org.testng.SuiteRunnerWorker.run(SuiteRunnerWorker.java:95)\n\tat org.testng.TestNG.runSuitesSequentially(TestNG.java:1274)\n\tat org.testng.TestNG.runSuitesLocally(TestNG.java:1208)\n\tat org.testng.TestNG.runSuites(TestNG.java:1112)\n\tat org.testng.TestNG.run(TestNG.java:1079)\n\tat org.apache.maven.surefire.testng.TestNGExecutor.run(TestNGExecutor.java:135)\n\tat org.apache.maven.surefire.testng.TestNGDirectoryTestSuite.executeMulti(TestNGDirectoryTestSuite.java:193)\n\tat org.apache.maven.surefire.testng.TestNGDirectoryTestSuite.execute(TestNGDirectoryTestSuite.java:94)\n\tat org.apache.maven.surefire.testng.TestNGProvider.invoke(TestNGProvider.java:146)\n\tat org.apache.maven.surefire.booter.ForkedBooter.invokeProviderInSameClassLoader(ForkedBooter.java:386)\n\tat org.apache.maven.surefire.booter.ForkedBooter.runSuitesInProcess(ForkedBooter.java:323)\n\tat org.apache.maven.surefire.booter.ForkedBooter.main(ForkedBooter.java:143)\n","flaky":false,"newFailed":false,"newBroken":false,"newPassed":false,"retriesCount":0,"retriesStatusChange":false,"beforeStages":[{"name":"beforeClass","time":{"start":1744200919401,"stop":1744200919736,"duration":335},"description":"","status":"passed","steps":[],"attachments":[],"parameters":[],"shouldDisplayMessage":false,"stepsCount":0,"attachmentsCount":0,"hasContent":false,"attachmentStep":false},{"name":"beforeMethod","time":{"start":1744200919737,"stop":1744200920082,"duration":345},"description":"","status":"broken","statusMessage":"Retrieve API idToken failed: {\"timestamp\":1744200920019,\"status\":401,\"message\":\"Password attempts exceeded\",\"path\":\"/portal-v1/user/token\",\"id\":\"id.error.dcecdc52b0ea494fa1e4a2213732e3c9\",\"code\":\"URE-401.1\"}","statusTrace":"java.lang.RuntimeException: Retrieve API idToken failed: {\"timestamp\":1744200920019,\"status\":401,\"message\":\"Password attempts exceeded\",\"path\":\"/portal-v1/user/token\",\"id\":\"id.error.dcecdc52b0ea494fa1e4a2213732e3c9\",\"code\":\"URE-401.1\"}\n\tat xyz.npgw.test.common.ApiContextUtils.getApiRequestContext(ApiContextUtils.java:38)\n\tat xyz.npgw.test.common.base.BaseTest.beforeMethod(BaseTest.java:73)\n\tat java.base/jdk.internal.reflect.NativeMethodAccessorImpl.invoke0(Native Method)\n\tat java.base/jdk.internal.reflect.NativeMethodAccessorImpl.invoke(NativeMethodAccessorImpl.java:77)\n\tat java.base/jdk.internal.reflect.DelegatingMethodAccessorImpl.invoke(DelegatingMethodAccessorImpl.java:43)\n\tat java.base/java.lang.reflect.Method.invoke(Method.java:569)\n\tat org.testng.internal.invokers.MethodInvocationHelper.invokeMethod(MethodInvocationHelper.java:141)\n\tat org.testng.internal.invokers.MethodInvocationHelper.invokeMethodConsideringTimeout(MethodInvocationHelper.java:71)\n\tat org.testng.internal.invokers.ConfigInvoker.invokeConfigurationMethod(ConfigInvoker.java:400)\n\tat org.testng.internal.invokers.ConfigInvoker.invokeConfigurations(ConfigInvoker.java:333)\n\tat org.testng.internal.invokers.TestInvoker.runConfigMethods(TestInvoker.java:833)\n\tat org.testng.internal.invokers.TestInvoker.invokeMethod(TestInvoker.java:600)\n\tat org.testng.internal.invokers.TestInvoker.invokeTestMethod(TestInvoker.java:230)\n\tat org.testng.internal.invokers.MethodRunner.runInSequence(MethodRunner.java:63)\n\tat org.testng.internal.invokers.TestInvoker$MethodInvocationAgent.invoke(TestInvoker.java:992)\n\tat org.testng.internal.invokers.TestInvoker.invokeTestMethods(TestInvoker.java:203)\n\tat org.testng.internal.invokers.TestMethodWorker.invokeTestMethods(TestMethodWorker.java:154)\n\tat org.testng.internal.invokers.TestMethodWorker.run(TestMethodWorker.java:134)\n\tat java.base/java.util.ArrayList.forEach(ArrayList.java:1511)\n\tat org.testng.TestRunner.privateRun(TestRunner.java:739)\n\tat org.testng.TestRunner.run(TestRunner.java:614)\n\tat org.testng.SuiteRunner.runTest(SuiteRunner.java:421)\n\tat org.testng.SuiteRunner.runSequentially(SuiteRunner.java:413)\n\tat org.testng.SuiteRunner.privateRun(SuiteRunner.java:373)\n\tat org.testng.SuiteRunner.run(SuiteRunner.java:312)\n\tat org.testng.SuiteRunnerWorker.runSuite(SuiteRunnerWorker.java:52)\n\tat org.testng.SuiteRunnerWorker.run(SuiteRunnerWorker.java:95)\n\tat org.testng.TestNG.runSuitesSequentially(TestNG.java:1274)\n\tat org.testng.TestNG.runSuitesLocally(TestNG.java:1208)\n\tat org.testng.TestNG.runSuites(TestNG.java:1112)\n\tat org.testng.TestNG.run(TestNG.java:1079)\n\tat org.apache.maven.surefire.testng.TestNGExecutor.run(TestNGExecutor.java:135)\n\tat org.apache.maven.surefire.testng.TestNGDirectoryTestSuite.executeMulti(TestNGDirectoryTestSuite.java:193)\n\tat org.apache.maven.surefire.testng.TestNGDirectoryTestSuite.execute(TestNGDirectoryTestSuite.java:94)\n\tat org.apache.maven.surefire.testng.TestNGProvider.invoke(TestNGProvider.java:146)\n\tat org.apache.maven.surefire.booter.ForkedBooter.invokeProviderInSameClassLoader(ForkedBooter.java:386)\n\tat org.apache.maven.surefire.booter.ForkedBooter.runSuitesInProcess(ForkedBooter.java:323)\n\tat org.apache.maven.surefire.booter.ForkedBooter.main(ForkedBooter.java:143)\n","steps":[],"attachments":[],"parameters":[],"shouldDisplayMessage":true,"stepsCount":0,"attachmentsCount":0,"hasContent":true,"attachmentStep":false}],"afterStages":[{"name":"afterMethod","time":{"start":1744200920086,"stop":1744200920101,"duration":15},"description":"","status":"passed","steps":[],"attachments":[{"uid":"7fb2c3b134eca56f","name":"tracing","source":"7fb2c3b134eca56f.zip","type":"archive/zip","size":585}],"parameters":[],"shouldDisplayMessage":false,"stepsCount":0,"attachmentsCount":1,"hasContent":true,"attachmentStep":false},{"name":"afterClass","time":{"start":1744200920122,"stop":1744200920164,"duration":42},"description":"","status":"passed","steps":[],"attachments":[],"parameters":[],"shouldDisplayMessage":false,"stepsCount":0,"attachmentsCount":0,"hasContent":false,"attachmentStep":false}],"labels":[{"name":"package","value":"xyz.npgw.test.run.TransactionsPageTest"},{"name":"testClass","value":"xyz.npgw.test.run.TransactionsPageTest"},{"name":"testMethod","value":"testCountOptionsSelectorRows"},{"name":"parentSuite","value":"Surefire suite"},{"name":"suite","value":"Surefire test"},{"name":"subSuite","value":"xyz.npgw.test.run.TransactionsPageTest"},{"name":"host","value":"fv-az1944-26"},{"name":"thread","value":"2703@fv-az1944-26.main(1)"},{"name":"framework","value":"testng"},{"name":"language","value":"java"},{"name":"epic","value":"Transactions"},{"name":"feature","value":"Selector Rows options"},{"name":"resultFormat","value":"allure2"}],"parameters":[],"links":[{"name":"127","url":"https://github.com/NPGW/npgw-ui-test/issues/127","type":"tms"}],"hidden":false,"retry":false,"extra":{"severity":"normal","retries":[],"categories":[],"history":{"statistic":{"failed":0,"broken":0,"skipped":7,"passed":0,"unknown":0,"total":7},"items":[{"uid":"19a781faf699b798","reportUrl":"https://aqaestuser.github.io/test/85//#testresult/19a781faf699b798","status":"skipped","statusDetails":"Retrieve API idToken failed: {\"timestamp\":1744200532908,\"status\":401,\"message\":\"Incorrect username or password.\",\"path\":\"/portal-v1/user/token\",\"id\":\"id.error.b07196dbfbf145719ecaea3009f21327\",\"code\":\"URE-401.1\"}","time":{"start":1744200533033,"stop":1744200533033,"duration":0}},{"uid":"ddacc977f0f6c9c5","reportUrl":"https://aqaestuser.github.io/test/84//#testresult/ddacc977f0f6c9c5","status":"skipped","statusDetails":"Retrieve API idToken failed: {\"timestamp\":1744200077633,\"status\":400,\"message\":\"email must be defined\\npassword must be defined\",\"path\":\"/portal-v1/user/token\",\"id\":\"id.error.df08d55ce0e5422482997d4367441d4c\",\"code\":\"BRE-400.2\"}","time":{"start":1744200077721,"stop":1744200077721,"duration":0}},{"uid":"74362c628550dcc3","reportUrl":"https://aqaestuser.github.io/test/83//#testresult/74362c628550dcc3","status":"skipped","statusDetails":"Retrieve API idToken failed: {\"timestamp\":1744199354605,\"status\":400,\"message\":\"email must be defined\\npassword must be defined\",\"path\":\"/portal-v1/user/token\",\"id\":\"id.error.844eac0f3301427ba0d86e84081b3bc1\",\"code\":\"BRE-400.2\"}","time":{"start":1744199354906,"stop":1744199354906,"duration":0}},{"uid":"47522d645672494","reportUrl":"https://aqaestuser.github.io/test/82//#testresult/47522d645672494","status":"skipped","statusDetails":"Retrieve API idToken failed: {\"timestamp\":1744198925924,\"status\":400,\"message\":\"email must be defined\\npassword must be defined\",\"path\":\"/portal-v1/user/token\",\"id\":\"id.error.b2220ebad0394d5ca4ec31182a12e53a\",\"code\":\"BRE-400.2\"}","time":{"start":1744198926013,"stop":1744198926013,"duration":0}},{"uid":"87d7f20b3677da79","reportUrl":"https://aqaestuser.github.io/test/81//#testresult/87d7f20b3677da79","status":"skipped","statusDetails":"Retrieve API idToken failed: {\"timestamp\":1744198746133,\"status\":400,\"message\":\"email must be defined\\npassword must be defined\",\"path\":\"/portal-v1/user/token\",\"id\":\"id.error.7239bd5211244eedbad517ca68547fb7\",\"code\":\"BRE-400.2\"}","time":{"start":1744198746199,"stop":1744198746199,"duration":0}},{"uid":"634a6bdfc2f10066","reportUrl":"https://aqaestuser.github.io/test/80//#testresult/634a6bdfc2f10066","status":"skipped","statusDetails":"Retrieve API idToken failed: {\"timestamp\":1744198253176,\"status\":400,\"message\":\"email must be defined\\npassword must be defined\",\"path\":\"/portal-v1/user/token\",\"id\":\"id.error.3a58b71a4e5d43d39605fdaedfb89ba8\",\"code\":\"BRE-400.2\"}","time":{"start":1744198253236,"stop":1744198253236,"duration":0}}]},"tags":[]},"source":"d4e6b58256040ecd.json","parameterValues":[]}