{"uid":"2855dbb54b1ecd70","name":"testCheckMerchantId","fullName":"xyz.npgw.test.run.DashboardPageTest.testCheckMerchantId","historyId":"aeb9eaee7d2f20fa660efe8ceeeaa6ef","time":{"start":1752031700868,"stop":1752031702579,"duration":1711},"description":"Correct merchant ID is sent to the server","descriptionHtml":"<p>Correct merchant ID is sent to the server</p>\n","status":"skipped","statusMessage":"Company '0709.032002 dashboard company' not found. Dropdown list is empty.","statusTrace":"java.util.NoSuchElementException: Company '0709.032002 dashboard company' not found. Dropdown list is empty.\n\tat xyz.npgw.test.page.common.SelectCompanyComponent.selectCompany(SelectCompanyComponent.java:51)\n\tat xyz.npgw.test.run.DashboardPageTest.testCheckMerchantId(DashboardPageTest.java:128)\n\tat java.base/jdk.internal.reflect.NativeMethodAccessorImpl.invoke0(Native Method)\n\tat java.base/jdk.internal.reflect.NativeMethodAccessorImpl.invoke(NativeMethodAccessorImpl.java:77)\n\tat java.base/jdk.internal.reflect.DelegatingMethodAccessorImpl.invoke(DelegatingMethodAccessorImpl.java:43)\n\tat java.base/java.lang.reflect.Method.invoke(Method.java:569)\n\tat org.testng.internal.invokers.MethodInvocationHelper.invokeMethod(MethodInvocationHelper.java:141)\n\tat org.testng.internal.invokers.TestInvoker.invokeMethod(TestInvoker.java:686)\n\tat org.testng.internal.invokers.TestInvoker.invokeTestMethod(TestInvoker.java:230)\n\tat org.testng.internal.invokers.MethodRunner.runInSequence(MethodRunner.java:63)\n\tat org.testng.internal.invokers.TestInvoker$MethodInvocationAgent.invoke(TestInvoker.java:992)\n\tat org.testng.internal.invokers.TestInvoker.invokeTestMethods(TestInvoker.java:203)\n\tat org.testng.internal.invokers.TestMethodWorker.invokeTestMethods(TestMethodWorker.java:154)\n\tat org.testng.internal.invokers.TestMethodWorker.run(TestMethodWorker.java:134)\n\tat java.base/java.util.concurrent.Executors$RunnableAdapter.call(Executors.java:539)\n\tat java.base/java.util.concurrent.FutureTask.run(FutureTask.java:264)\n\tat org.testng.internal.thread.graph.TestNGFutureTask.run(TestNGFutureTask.java:22)\n\tat java.base/java.util.concurrent.ThreadPoolExecutor.runWorker(ThreadPoolExecutor.java:1136)\n\tat java.base/java.util.concurrent.ThreadPoolExecutor$Worker.run(ThreadPoolExecutor.java:635)\n\tat java.base/java.lang.Thread.run(Thread.java:840)\n","flaky":false,"newFailed":false,"newBroken":false,"newPassed":false,"retriesCount":0,"retriesStatusChange":false,"beforeStages":[{"name":"beforeClass","time":{"start":1752031689228,"stop":1752031692617,"duration":3389},"description":"","status":"passed","steps":[],"attachments":[],"parameters":[],"shouldDisplayMessage":false,"stepsCount":0,"attachmentsCount":0,"hasContent":false,"attachmentStep":false},{"name":"beforeMethod","time":{"start":1752031692618,"stop":1752031700866,"duration":8248},"description":"","status":"passed","steps":[{"name":"Navigate to '/' endpoint","time":{"start":1752031696030,"stop":1752031699142,"duration":3112},"status":"passed","steps":[],"attachments":[],"parameters":[{"name":"url","value":"/"}],"shouldDisplayMessage":false,"stepsCount":0,"attachmentsCount":0,"hasContent":true,"attachmentStep":false},{"name":"Login to the site as '0709.032002.23.super@email.com'","time":{"start":1752031699142,"stop":1752031700866,"duration":1724},"status":"passed","steps":[{"name":"Enter the user's email in the 'Email' field","time":{"start":1752031699142,"stop":1752031699326,"duration":184},"status":"passed","steps":[],"attachments":[],"parameters":[{"name":"userEmail","value":"0709.032002.23.super@email.com"}],"shouldDisplayMessage":false,"stepsCount":0,"attachmentsCount":0,"hasContent":true,"attachmentStep":false},{"name":"Enter the user's password in the 'Password' field","time":{"start":1752031699326,"stop":1752031699416,"duration":90},"status":"passed","steps":[],"attachments":[],"parameters":[{"name":"Password","value":"******"}],"shouldDisplayMessage":false,"stepsCount":0,"attachmentsCount":0,"hasContent":true,"attachmentStep":false},{"name":"Press 'Login' button","time":{"start":1752031699416,"stop":1752031699721,"duration":305},"status":"passed","steps":[],"attachments":[],"parameters":[],"shouldDisplayMessage":false,"stepsCount":0,"attachmentsCount":0,"hasContent":false,"attachmentStep":false}],"attachments":[],"parameters":[{"name":"email","value":"0709.032002.23.super@email.com"},{"name":"password","value":"Qwerty123!"}],"shouldDisplayMessage":false,"stepsCount":3,"attachmentsCount":0,"hasContent":true,"attachmentStep":false}],"attachments":[],"parameters":[],"shouldDisplayMessage":false,"stepsCount":5,"attachmentsCount":0,"hasContent":true,"attachmentStep":false}],"testStage":{"description":"Correct merchant ID is sent to the server","status":"skipped","statusMessage":"Company '0709.032002 dashboard company' not found. Dropdown list is empty.","statusTrace":"java.util.NoSuchElementException: Company '0709.032002 dashboard company' not found. Dropdown list is empty.\n\tat xyz.npgw.test.page.common.SelectCompanyComponent.selectCompany(SelectCompanyComponent.java:51)\n\tat xyz.npgw.test.run.DashboardPageTest.testCheckMerchantId(DashboardPageTest.java:128)\n\tat java.base/jdk.internal.reflect.NativeMethodAccessorImpl.invoke0(Native Method)\n\tat java.base/jdk.internal.reflect.NativeMethodAccessorImpl.invoke(NativeMethodAccessorImpl.java:77)\n\tat java.base/jdk.internal.reflect.DelegatingMethodAccessorImpl.invoke(DelegatingMethodAccessorImpl.java:43)\n\tat java.base/java.lang.reflect.Method.invoke(Method.java:569)\n\tat org.testng.internal.invokers.MethodInvocationHelper.invokeMethod(MethodInvocationHelper.java:141)\n\tat org.testng.internal.invokers.TestInvoker.invokeMethod(TestInvoker.java:686)\n\tat org.testng.internal.invokers.TestInvoker.invokeTestMethod(TestInvoker.java:230)\n\tat org.testng.internal.invokers.MethodRunner.runInSequence(MethodRunner.java:63)\n\tat org.testng.internal.invokers.TestInvoker$MethodInvocationAgent.invoke(TestInvoker.java:992)\n\tat org.testng.internal.invokers.TestInvoker.invokeTestMethods(TestInvoker.java:203)\n\tat org.testng.internal.invokers.TestMethodWorker.invokeTestMethods(TestMethodWorker.java:154)\n\tat org.testng.internal.invokers.TestMethodWorker.run(TestMethodWorker.java:134)\n\tat java.base/java.util.concurrent.Executors$RunnableAdapter.call(Executors.java:539)\n\tat java.base/java.util.concurrent.FutureTask.run(FutureTask.java:264)\n\tat org.testng.internal.thread.graph.TestNGFutureTask.run(TestNGFutureTask.java:22)\n\tat java.base/java.util.concurrent.ThreadPoolExecutor.runWorker(ThreadPoolExecutor.java:1136)\n\tat java.base/java.util.concurrent.ThreadPoolExecutor$Worker.run(ThreadPoolExecutor.java:635)\n\tat java.base/java.lang.Thread.run(Thread.java:840)\n","steps":[{"name":"Select '0709.032002 dashboard company' company using filter","time":{"start":1752031700868,"stop":1752031702579,"duration":1711},"status":"broken","statusMessage":"Company '0709.032002 dashboard company' not found. Dropdown list is empty.","statusTrace":"java.util.NoSuchElementException: Company '0709.032002 dashboard company' not found. Dropdown list is empty.\n\tat xyz.npgw.test.page.common.SelectCompanyComponent.selectCompany(SelectCompanyComponent.java:51)\n\tat xyz.npgw.test.run.DashboardPageTest.testCheckMerchantId(DashboardPageTest.java:128)\n\tat java.base/jdk.internal.reflect.NativeMethodAccessorImpl.invoke0(Native Method)\n\tat java.base/jdk.internal.reflect.NativeMethodAccessorImpl.invoke(NativeMethodAccessorImpl.java:77)\n\tat java.base/jdk.internal.reflect.DelegatingMethodAccessorImpl.invoke(DelegatingMethodAccessorImpl.java:43)\n\tat java.base/java.lang.reflect.Method.invoke(Method.java:569)\n\tat org.testng.internal.invokers.MethodInvocationHelper.invokeMethod(MethodInvocationHelper.java:141)\n\tat org.testng.internal.invokers.TestInvoker.invokeMethod(TestInvoker.java:686)\n\tat org.testng.internal.invokers.TestInvoker.invokeTestMethod(TestInvoker.java:230)\n\tat org.testng.internal.invokers.MethodRunner.runInSequence(MethodRunner.java:63)\n\tat org.testng.internal.invokers.TestInvoker$MethodInvocationAgent.invoke(TestInvoker.java:992)\n\tat org.testng.internal.invokers.TestInvoker.invokeTestMethods(TestInvoker.java:203)\n\tat org.testng.internal.invokers.TestMethodWorker.invokeTestMethods(TestMethodWorker.java:154)\n\tat org.testng.internal.invokers.TestMethodWorker.run(TestMethodWorker.java:134)\n\tat java.base/java.util.concurrent.Executors$RunnableAdapter.call(Executors.java:539)\n\tat java.base/java.util.concurrent.FutureTask.run(FutureTask.java:264)\n\tat org.testng.internal.thread.graph.TestNGFutureTask.run(TestNGFutureTask.java:22)\n\tat java.base/java.util.concurrent.ThreadPoolExecutor.runWorker(ThreadPoolExecutor.java:1136)\n\tat java.base/java.util.concurrent.ThreadPoolExecutor$Worker.run(ThreadPoolExecutor.java:635)\n\tat java.base/java.lang.Thread.run(Thread.java:840)\n","steps":[],"attachments":[],"parameters":[{"name":"companyName","value":"0709.032002 dashboard company"}],"shouldDisplayMessage":true,"stepsCount":0,"attachmentsCount":0,"hasContent":true,"attachmentStep":false}],"attachments":[],"parameters":[],"shouldDisplayMessage":false,"stepsCount":1,"attachmentsCount":0,"hasContent":true,"attachmentStep":false},"afterStages":[{"name":"afterMethod","time":{"start":1752031702580,"stop":1752031704651,"duration":2071},"description":"","status":"passed","steps":[],"attachments":[{"uid":"63a07c912de4c860","name":"video","source":"63a07c912de4c860.webm","type":"video/webm","size":211474},{"uid":"a4e1d16b8329ff0f","name":"tracing","source":"a4e1d16b8329ff0f.zip","type":"archive/zip","size":986967}],"parameters":[],"shouldDisplayMessage":false,"stepsCount":0,"attachmentsCount":2,"hasContent":true,"attachmentStep":false},{"name":"afterClass","time":{"start":1752031789271,"stop":1752031792299,"duration":3028},"description":"","status":"passed","steps":[],"attachments":[],"parameters":[],"shouldDisplayMessage":false,"stepsCount":0,"attachmentsCount":0,"hasContent":false,"attachmentStep":false}],"labels":[{"name":"package","value":"xyz.npgw.test.run.DashboardPageTest"},{"name":"testClass","value":"xyz.npgw.test.run.DashboardPageTest"},{"name":"testMethod","value":"testCheckMerchantId"},{"name":"parentSuite","value":"suite name"},{"name":"suite","value":"test name"},{"name":"subSuite","value":"xyz.npgw.test.run.DashboardPageTest"},{"name":"host","value":"fv-az1692-676"},{"name":"thread","value":"2780@fv-az1692-676.TestNG-test-test name-1(23)"},{"name":"framework","value":"testng"},{"name":"language","value":"java"},{"name":"epic","value":"Dashboard"},{"name":"feature","value":"Refresh data"},{"name":"resultFormat","value":"allure2"}],"parameters":[],"links":[{"name":"609","url":"https://github.com/NPGW/npgw-ui-test/issues/609","type":"tms"}],"hidden":true,"retry":true,"extra":{"categories":[],"tags":[]},"source":"2855dbb54b1ecd70.json","parameterValues":[]}