{"uid":"4128b1b2a26503d9","name":"testVisibleChartElementsAreDisplayedCorrectly","fullName":"xyz.npgw.test.run.DashboardPageTest.testVisibleChartElementsAreDisplayedCorrectly","historyId":"6969e40c2a18521806a2f2b8a10c88f1","time":{"start":1752031778348,"stop":1752031779896,"duration":1548},"description":"All key chart elements are correctly displayed","descriptionHtml":"<p>All key chart elements are correctly displayed</p>\n","status":"skipped","statusMessage":"Company 'CompanyForTestRunOnly Inc.' not found. Dropdown list is empty.","statusTrace":"java.util.NoSuchElementException: Company 'CompanyForTestRunOnly Inc.' not found. Dropdown list is empty.\n\tat xyz.npgw.test.page.common.SelectCompanyComponent.selectCompany(SelectCompanyComponent.java:51)\n\tat xyz.npgw.test.run.DashboardPageTest.testVisibleChartElementsAreDisplayedCorrectly(DashboardPageTest.java:84)\n\tat java.base/jdk.internal.reflect.NativeMethodAccessorImpl.invoke0(Native Method)\n\tat java.base/jdk.internal.reflect.NativeMethodAccessorImpl.invoke(NativeMethodAccessorImpl.java:77)\n\tat java.base/jdk.internal.reflect.DelegatingMethodAccessorImpl.invoke(DelegatingMethodAccessorImpl.java:43)\n\tat java.base/java.lang.reflect.Method.invoke(Method.java:569)\n\tat org.testng.internal.invokers.MethodInvocationHelper.invokeMethod(MethodInvocationHelper.java:141)\n\tat org.testng.internal.invokers.TestInvoker.invokeMethod(TestInvoker.java:686)\n\tat org.testng.internal.invokers.TestInvoker.invokeTestMethod(TestInvoker.java:230)\n\tat org.testng.internal.invokers.MethodRunner.runInSequence(MethodRunner.java:63)\n\tat org.testng.internal.invokers.TestInvoker$MethodInvocationAgent.invoke(TestInvoker.java:992)\n\tat org.testng.internal.invokers.TestInvoker.invokeTestMethods(TestInvoker.java:203)\n\tat org.testng.internal.invokers.TestMethodWorker.invokeTestMethods(TestMethodWorker.java:154)\n\tat org.testng.internal.invokers.TestMethodWorker.run(TestMethodWorker.java:134)\n\tat java.base/java.util.concurrent.Executors$RunnableAdapter.call(Executors.java:539)\n\tat java.base/java.util.concurrent.FutureTask.run(FutureTask.java:264)\n\tat org.testng.internal.thread.graph.TestNGFutureTask.run(TestNGFutureTask.java:22)\n\tat java.base/java.util.concurrent.ThreadPoolExecutor.runWorker(ThreadPoolExecutor.java:1136)\n\tat java.base/java.util.concurrent.ThreadPoolExecutor$Worker.run(ThreadPoolExecutor.java:635)\n\tat java.base/java.lang.Thread.run(Thread.java:840)\n","flaky":false,"newFailed":false,"newBroken":false,"newPassed":false,"retriesCount":0,"retriesStatusChange":false,"beforeStages":[{"name":"beforeClass","time":{"start":1752031689228,"stop":1752031692617,"duration":3389},"description":"","status":"passed","steps":[],"attachments":[],"parameters":[],"shouldDisplayMessage":false,"stepsCount":0,"attachmentsCount":0,"hasContent":false,"attachmentStep":false},{"name":"beforeMethod","time":{"start":1752031772984,"stop":1752031778345,"duration":5361},"description":"","status":"passed","steps":[{"name":"Navigate to '/' endpoint","time":{"start":1752031773561,"stop":1752031776699,"duration":3138},"status":"passed","steps":[],"attachments":[],"parameters":[{"name":"url","value":"/"}],"shouldDisplayMessage":false,"stepsCount":0,"attachmentsCount":0,"hasContent":true,"attachmentStep":false},{"name":"Login to the site as '0709.032002.23.super@email.com'","time":{"start":1752031776699,"stop":1752031778345,"duration":1646},"status":"passed","steps":[{"name":"Enter the user's email in the 'Email' field","time":{"start":1752031776699,"stop":1752031776935,"duration":236},"status":"passed","steps":[],"attachments":[],"parameters":[{"name":"userEmail","value":"0709.032002.23.super@email.com"}],"shouldDisplayMessage":false,"stepsCount":0,"attachmentsCount":0,"hasContent":true,"attachmentStep":false},{"name":"Enter the user's password in the 'Password' field","time":{"start":1752031776935,"stop":1752031777008,"duration":73},"status":"passed","steps":[],"attachments":[],"parameters":[{"name":"Password","value":"******"}],"shouldDisplayMessage":false,"stepsCount":0,"attachmentsCount":0,"hasContent":true,"attachmentStep":false},{"name":"Press 'Login' button","time":{"start":1752031777008,"stop":1752031777184,"duration":176},"status":"passed","steps":[],"attachments":[],"parameters":[],"shouldDisplayMessage":false,"stepsCount":0,"attachmentsCount":0,"hasContent":false,"attachmentStep":false}],"attachments":[],"parameters":[{"name":"email","value":"0709.032002.23.super@email.com"},{"name":"password","value":"Qwerty123!"}],"shouldDisplayMessage":false,"stepsCount":3,"attachmentsCount":0,"hasContent":true,"attachmentStep":false}],"attachments":[],"parameters":[],"shouldDisplayMessage":false,"stepsCount":5,"attachmentsCount":0,"hasContent":true,"attachmentStep":false}],"testStage":{"description":"All key chart elements are correctly displayed","status":"skipped","statusMessage":"Company 'CompanyForTestRunOnly Inc.' not found. Dropdown list is empty.","statusTrace":"java.util.NoSuchElementException: Company 'CompanyForTestRunOnly Inc.' not found. Dropdown list is empty.\n\tat xyz.npgw.test.page.common.SelectCompanyComponent.selectCompany(SelectCompanyComponent.java:51)\n\tat xyz.npgw.test.run.DashboardPageTest.testVisibleChartElementsAreDisplayedCorrectly(DashboardPageTest.java:84)\n\tat java.base/jdk.internal.reflect.NativeMethodAccessorImpl.invoke0(Native Method)\n\tat java.base/jdk.internal.reflect.NativeMethodAccessorImpl.invoke(NativeMethodAccessorImpl.java:77)\n\tat java.base/jdk.internal.reflect.DelegatingMethodAccessorImpl.invoke(DelegatingMethodAccessorImpl.java:43)\n\tat java.base/java.lang.reflect.Method.invoke(Method.java:569)\n\tat org.testng.internal.invokers.MethodInvocationHelper.invokeMethod(MethodInvocationHelper.java:141)\n\tat org.testng.internal.invokers.TestInvoker.invokeMethod(TestInvoker.java:686)\n\tat org.testng.internal.invokers.TestInvoker.invokeTestMethod(TestInvoker.java:230)\n\tat org.testng.internal.invokers.MethodRunner.runInSequence(MethodRunner.java:63)\n\tat org.testng.internal.invokers.TestInvoker$MethodInvocationAgent.invoke(TestInvoker.java:992)\n\tat org.testng.internal.invokers.TestInvoker.invokeTestMethods(TestInvoker.java:203)\n\tat org.testng.internal.invokers.TestMethodWorker.invokeTestMethods(TestMethodWorker.java:154)\n\tat org.testng.internal.invokers.TestMethodWorker.run(TestMethodWorker.java:134)\n\tat java.base/java.util.concurrent.Executors$RunnableAdapter.call(Executors.java:539)\n\tat java.base/java.util.concurrent.FutureTask.run(FutureTask.java:264)\n\tat org.testng.internal.thread.graph.TestNGFutureTask.run(TestNGFutureTask.java:22)\n\tat java.base/java.util.concurrent.ThreadPoolExecutor.runWorker(ThreadPoolExecutor.java:1136)\n\tat java.base/java.util.concurrent.ThreadPoolExecutor$Worker.run(ThreadPoolExecutor.java:635)\n\tat java.base/java.lang.Thread.run(Thread.java:840)\n","steps":[{"name":"Select 'CompanyForTestRunOnly Inc.' company using filter","time":{"start":1752031778348,"stop":1752031779894,"duration":1546},"status":"broken","statusMessage":"Company 'CompanyForTestRunOnly Inc.' not found. Dropdown list is empty.","statusTrace":"java.util.NoSuchElementException: Company 'CompanyForTestRunOnly Inc.' not found. Dropdown list is empty.\n\tat xyz.npgw.test.page.common.SelectCompanyComponent.selectCompany(SelectCompanyComponent.java:51)\n\tat xyz.npgw.test.run.DashboardPageTest.testVisibleChartElementsAreDisplayedCorrectly(DashboardPageTest.java:84)\n\tat java.base/jdk.internal.reflect.NativeMethodAccessorImpl.invoke0(Native Method)\n\tat java.base/jdk.internal.reflect.NativeMethodAccessorImpl.invoke(NativeMethodAccessorImpl.java:77)\n\tat java.base/jdk.internal.reflect.DelegatingMethodAccessorImpl.invoke(DelegatingMethodAccessorImpl.java:43)\n\tat java.base/java.lang.reflect.Method.invoke(Method.java:569)\n\tat org.testng.internal.invokers.MethodInvocationHelper.invokeMethod(MethodInvocationHelper.java:141)\n\tat org.testng.internal.invokers.TestInvoker.invokeMethod(TestInvoker.java:686)\n\tat org.testng.internal.invokers.TestInvoker.invokeTestMethod(TestInvoker.java:230)\n\tat org.testng.internal.invokers.MethodRunner.runInSequence(MethodRunner.java:63)\n\tat org.testng.internal.invokers.TestInvoker$MethodInvocationAgent.invoke(TestInvoker.java:992)\n\tat org.testng.internal.invokers.TestInvoker.invokeTestMethods(TestInvoker.java:203)\n\tat org.testng.internal.invokers.TestMethodWorker.invokeTestMethods(TestMethodWorker.java:154)\n\tat org.testng.internal.invokers.TestMethodWorker.run(TestMethodWorker.java:134)\n\tat java.base/java.util.concurrent.Executors$RunnableAdapter.call(Executors.java:539)\n\tat java.base/java.util.concurrent.FutureTask.run(FutureTask.java:264)\n\tat org.testng.internal.thread.graph.TestNGFutureTask.run(TestNGFutureTask.java:22)\n\tat java.base/java.util.concurrent.ThreadPoolExecutor.runWorker(ThreadPoolExecutor.java:1136)\n\tat java.base/java.util.concurrent.ThreadPoolExecutor$Worker.run(ThreadPoolExecutor.java:635)\n\tat java.base/java.lang.Thread.run(Thread.java:840)\n","steps":[],"attachments":[],"parameters":[{"name":"companyName","value":"CompanyForTestRunOnly Inc."}],"shouldDisplayMessage":true,"stepsCount":0,"attachmentsCount":0,"hasContent":true,"attachmentStep":false}],"attachments":[],"parameters":[],"shouldDisplayMessage":false,"stepsCount":1,"attachmentsCount":0,"hasContent":true,"attachmentStep":false},"afterStages":[{"name":"afterMethod","time":{"start":1752031779897,"stop":1752031780766,"duration":869},"description":"","status":"passed","steps":[],"attachments":[{"uid":"60d40ee531d70fdc","name":"video","source":"60d40ee531d70fdc.webm","type":"video/webm","size":218006},{"uid":"4b0fc62fd629831b","name":"tracing","source":"4b0fc62fd629831b.zip","type":"archive/zip","size":1233342}],"parameters":[],"shouldDisplayMessage":false,"stepsCount":0,"attachmentsCount":2,"hasContent":true,"attachmentStep":false},{"name":"afterClass","time":{"start":1752031789271,"stop":1752031792299,"duration":3028},"description":"","status":"passed","steps":[],"attachments":[],"parameters":[],"shouldDisplayMessage":false,"stepsCount":0,"attachmentsCount":0,"hasContent":false,"attachmentStep":false}],"labels":[{"name":"package","value":"xyz.npgw.test.run.DashboardPageTest"},{"name":"testClass","value":"xyz.npgw.test.run.DashboardPageTest"},{"name":"testMethod","value":"testVisibleChartElementsAreDisplayedCorrectly"},{"name":"parentSuite","value":"suite name"},{"name":"suite","value":"test name"},{"name":"subSuite","value":"xyz.npgw.test.run.DashboardPageTest"},{"name":"host","value":"fv-az1692-676"},{"name":"thread","value":"2780@fv-az1692-676.TestNG-test-test name-1(23)"},{"name":"framework","value":"testng"},{"name":"language","value":"java"},{"name":"epic","value":"Dashboard"},{"name":"feature","value":"Chart Display"},{"name":"resultFormat","value":"allure2"}],"parameters":[],"links":[{"name":"575","url":"https://github.com/NPGW/npgw-ui-test/issues/575","type":"tms"}],"hidden":true,"retry":true,"extra":{"categories":[],"tags":[]},"source":"4128b1b2a26503d9.json","parameterValues":[]}