{"uid":"6de68021f929d735","name":"testAddMerchantAcquirer","fullName":"xyz.npgw.test.run.GatewayPageTest.testAddMerchantAcquirer","historyId":"d2418152f48b83cf9635f7c991a708e2","time":{"start":1752031328113,"stop":1752031335098,"duration":6985},"description":"Verify the active and inactive merchant acquirers can be added","descriptionHtml":"<p>Verify the active and inactive merchant acquirers can be added</p>\n","status":"broken","statusMessage":"Acquirer '0709.032002 acquirer for gateway' not found in dropdown.","statusTrace":"java.util.NoSuchElementException: Acquirer '0709.032002 acquirer for gateway' not found in dropdown.\n\tat xyz.npgw.test.page.common.SelectAcquirerComponent.selectAcquirer(SelectAcquirerComponent.java:79)\n\tat xyz.npgw.test.run.GatewayPageTest.testAddMerchantAcquirer(GatewayPageTest.java:297)\n\tat java.base/jdk.internal.reflect.NativeMethodAccessorImpl.invoke0(Native Method)\n\tat java.base/jdk.internal.reflect.NativeMethodAccessorImpl.invoke(NativeMethodAccessorImpl.java:77)\n\tat java.base/jdk.internal.reflect.DelegatingMethodAccessorImpl.invoke(DelegatingMethodAccessorImpl.java:43)\n\tat java.base/java.lang.reflect.Method.invoke(Method.java:569)\n\tat org.testng.internal.invokers.MethodInvocationHelper.invokeMethod(MethodInvocationHelper.java:141)\n\tat org.testng.internal.invokers.TestInvoker.invokeMethod(TestInvoker.java:686)\n\tat org.testng.internal.invokers.TestInvoker.retryFailed(TestInvoker.java:269)\n\tat org.testng.internal.invokers.MethodRunner.runInSequence(MethodRunner.java:76)\n\tat org.testng.internal.invokers.TestInvoker$MethodInvocationAgent.invoke(TestInvoker.java:992)\n\tat org.testng.internal.invokers.TestInvoker.invokeTestMethods(TestInvoker.java:203)\n\tat org.testng.internal.invokers.TestMethodWorker.invokeTestMethods(TestMethodWorker.java:154)\n\tat org.testng.internal.invokers.TestMethodWorker.run(TestMethodWorker.java:134)\n\tat java.base/java.util.concurrent.Executors$RunnableAdapter.call(Executors.java:539)\n\tat java.base/java.util.concurrent.FutureTask.run(FutureTask.java:264)\n\tat org.testng.internal.thread.graph.TestNGFutureTask.run(TestNGFutureTask.java:22)\n\tat java.base/java.util.concurrent.ThreadPoolExecutor.runWorker(ThreadPoolExecutor.java:1136)\n\tat java.base/java.util.concurrent.ThreadPoolExecutor$Worker.run(ThreadPoolExecutor.java:635)\n\tat java.base/java.lang.Thread.run(Thread.java:840)\n","flaky":false,"newFailed":false,"newBroken":false,"newPassed":false,"retriesCount":1,"retriesStatusChange":true,"beforeStages":[{"name":"beforeClass","time":{"start":1752031270912,"stop":1752031276426,"duration":5514},"description":"","status":"passed","steps":[],"attachments":[],"parameters":[],"shouldDisplayMessage":false,"stepsCount":0,"attachmentsCount":0,"hasContent":false,"attachmentStep":false},{"name":"beforeMethod","time":{"start":1752031322739,"stop":1752031328107,"duration":5368},"description":"","status":"passed","steps":[{"name":"Navigate to '/' endpoint","time":{"start":1752031323297,"stop":1752031326280,"duration":2983},"status":"passed","steps":[],"attachments":[],"parameters":[{"name":"url","value":"/"}],"shouldDisplayMessage":false,"stepsCount":0,"attachmentsCount":0,"hasContent":true,"attachmentStep":false},{"name":"Login to the site as '0709.032002.25.super@email.com'","time":{"start":1752031326280,"stop":1752031328107,"duration":1827},"status":"passed","steps":[{"name":"Enter the user's email in the 'Email' field","time":{"start":1752031326280,"stop":1752031326409,"duration":129},"status":"passed","steps":[],"attachments":[],"parameters":[{"name":"userEmail","value":"0709.032002.25.super@email.com"}],"shouldDisplayMessage":false,"stepsCount":0,"attachmentsCount":0,"hasContent":true,"attachmentStep":false},{"name":"Enter the user's password in the 'Password' field","time":{"start":1752031326409,"stop":1752031326550,"duration":141},"status":"passed","steps":[],"attachments":[],"parameters":[{"name":"Password","value":"******"}],"shouldDisplayMessage":false,"stepsCount":0,"attachmentsCount":0,"hasContent":true,"attachmentStep":false},{"name":"Press 'Login' button","time":{"start":1752031326550,"stop":1752031326876,"duration":326},"status":"passed","steps":[],"attachments":[],"parameters":[],"shouldDisplayMessage":false,"stepsCount":0,"attachmentsCount":0,"hasContent":false,"attachmentStep":false}],"attachments":[],"parameters":[{"name":"email","value":"0709.032002.25.super@email.com"},{"name":"password","value":"Qwerty123!"}],"shouldDisplayMessage":false,"stepsCount":3,"attachmentsCount":0,"hasContent":true,"attachmentStep":false}],"attachments":[],"parameters":[],"shouldDisplayMessage":false,"stepsCount":5,"attachmentsCount":0,"hasContent":true,"attachmentStep":false}],"testStage":{"description":"Verify the active and inactive merchant acquirers can be added","status":"broken","statusMessage":"Acquirer '0709.032002 acquirer for gateway' not found in dropdown.","statusTrace":"java.util.NoSuchElementException: Acquirer '0709.032002 acquirer for gateway' not found in dropdown.\n\tat xyz.npgw.test.page.common.SelectAcquirerComponent.selectAcquirer(SelectAcquirerComponent.java:79)\n\tat xyz.npgw.test.run.GatewayPageTest.testAddMerchantAcquirer(GatewayPageTest.java:297)\n\tat java.base/jdk.internal.reflect.NativeMethodAccessorImpl.invoke0(Native Method)\n\tat java.base/jdk.internal.reflect.NativeMethodAccessorImpl.invoke(NativeMethodAccessorImpl.java:77)\n\tat java.base/jdk.internal.reflect.DelegatingMethodAccessorImpl.invoke(DelegatingMethodAccessorImpl.java:43)\n\tat java.base/java.lang.reflect.Method.invoke(Method.java:569)\n\tat org.testng.internal.invokers.MethodInvocationHelper.invokeMethod(MethodInvocationHelper.java:141)\n\tat org.testng.internal.invokers.TestInvoker.invokeMethod(TestInvoker.java:686)\n\tat org.testng.internal.invokers.TestInvoker.retryFailed(TestInvoker.java:269)\n\tat org.testng.internal.invokers.MethodRunner.runInSequence(MethodRunner.java:76)\n\tat org.testng.internal.invokers.TestInvoker$MethodInvocationAgent.invoke(TestInvoker.java:992)\n\tat org.testng.internal.invokers.TestInvoker.invokeTestMethods(TestInvoker.java:203)\n\tat org.testng.internal.invokers.TestMethodWorker.invokeTestMethods(TestMethodWorker.java:154)\n\tat org.testng.internal.invokers.TestMethodWorker.run(TestMethodWorker.java:134)\n\tat java.base/java.util.concurrent.Executors$RunnableAdapter.call(Executors.java:539)\n\tat java.base/java.util.concurrent.FutureTask.run(FutureTask.java:264)\n\tat org.testng.internal.thread.graph.TestNGFutureTask.run(TestNGFutureTask.java:22)\n\tat java.base/java.util.concurrent.ThreadPoolExecutor.runWorker(ThreadPoolExecutor.java:1136)\n\tat java.base/java.util.concurrent.ThreadPoolExecutor$Worker.run(ThreadPoolExecutor.java:635)\n\tat java.base/java.lang.Thread.run(Thread.java:840)\n","steps":[{"name":"Click on 'System administration' menu in Header","time":{"start":1752031328119,"stop":1752031330522,"duration":2403},"status":"passed","steps":[],"attachments":[],"parameters":[],"shouldDisplayMessage":false,"stepsCount":0,"attachmentsCount":0,"hasContent":false,"attachmentStep":false},{"name":"Click 'Gateway' tab","time":{"start":1752031330522,"stop":1752031331173,"duration":651},"status":"passed","steps":[],"attachments":[],"parameters":[],"shouldDisplayMessage":false,"stepsCount":0,"attachmentsCount":0,"hasContent":false,"attachmentStep":false},{"name":"Select '0709.032002 company 112172' company using filter","time":{"start":1752031331173,"stop":1752031332414,"duration":1241},"status":"passed","steps":[],"attachments":[],"parameters":[{"name":"companyName","value":"0709.032002 company 112172"}],"shouldDisplayMessage":false,"stepsCount":0,"attachmentsCount":0,"hasContent":true,"attachmentStep":false},{"name":"Select 'Merchant 1 for C112172' business unit using filter","time":{"start":1752031332414,"stop":1752031333681,"duration":1267},"status":"passed","steps":[],"attachments":[],"parameters":[{"name":"businessUnitName","value":"Merchant 1 for C112172"}],"shouldDisplayMessage":false,"stepsCount":0,"attachmentsCount":0,"hasContent":true,"attachmentStep":false},{"name":"Click 'Add merchant acquirer button'","time":{"start":1752031333681,"stop":1752031334947,"duration":1266},"status":"passed","steps":[],"attachments":[],"parameters":[],"shouldDisplayMessage":false,"stepsCount":0,"attachmentsCount":0,"hasContent":false,"attachmentStep":false},{"name":"Select '0709.032002 acquirer for gateway' acquirer using filter","time":{"start":1752031334947,"stop":1752031335097,"duration":150},"status":"broken","statusMessage":"Acquirer '0709.032002 acquirer for gateway' not found in dropdown.","statusTrace":"java.util.NoSuchElementException: Acquirer '0709.032002 acquirer for gateway' not found in dropdown.\n\tat xyz.npgw.test.page.common.SelectAcquirerComponent.selectAcquirer(SelectAcquirerComponent.java:79)\n\tat xyz.npgw.test.run.GatewayPageTest.testAddMerchantAcquirer(GatewayPageTest.java:297)\n\tat java.base/jdk.internal.reflect.NativeMethodAccessorImpl.invoke0(Native Method)\n\tat java.base/jdk.internal.reflect.NativeMethodAccessorImpl.invoke(NativeMethodAccessorImpl.java:77)\n\tat java.base/jdk.internal.reflect.DelegatingMethodAccessorImpl.invoke(DelegatingMethodAccessorImpl.java:43)\n\tat java.base/java.lang.reflect.Method.invoke(Method.java:569)\n\tat org.testng.internal.invokers.MethodInvocationHelper.invokeMethod(MethodInvocationHelper.java:141)\n\tat org.testng.internal.invokers.TestInvoker.invokeMethod(TestInvoker.java:686)\n\tat org.testng.internal.invokers.TestInvoker.retryFailed(TestInvoker.java:269)\n\tat org.testng.internal.invokers.MethodRunner.runInSequence(MethodRunner.java:76)\n\tat org.testng.internal.invokers.TestInvoker$MethodInvocationAgent.invoke(TestInvoker.java:992)\n\tat org.testng.internal.invokers.TestInvoker.invokeTestMethods(TestInvoker.java:203)\n\tat org.testng.internal.invokers.TestMethodWorker.invokeTestMethods(TestMethodWorker.java:154)\n\tat org.testng.internal.invokers.TestMethodWorker.run(TestMethodWorker.java:134)\n\tat java.base/java.util.concurrent.Executors$RunnableAdapter.call(Executors.java:539)\n\tat java.base/java.util.concurrent.FutureTask.run(FutureTask.java:264)\n\tat org.testng.internal.thread.graph.TestNGFutureTask.run(TestNGFutureTask.java:22)\n\tat java.base/java.util.concurrent.ThreadPoolExecutor.runWorker(ThreadPoolExecutor.java:1136)\n\tat java.base/java.util.concurrent.ThreadPoolExecutor$Worker.run(ThreadPoolExecutor.java:635)\n\tat java.base/java.lang.Thread.run(Thread.java:840)\n","steps":[],"attachments":[],"parameters":[{"name":"acquirerName","value":"0709.032002 acquirer for gateway"}],"shouldDisplayMessage":true,"stepsCount":0,"attachmentsCount":0,"hasContent":true,"attachmentStep":false}],"attachments":[],"parameters":[],"shouldDisplayMessage":false,"stepsCount":6,"attachmentsCount":0,"hasContent":true,"attachmentStep":false},"afterStages":[{"name":"afterMethod","time":{"start":1752031335109,"stop":1752031335865,"duration":756},"description":"","status":"passed","steps":[],"attachments":[{"uid":"60034f98838b6ca8","name":"video","source":"60034f98838b6ca8.webm","type":"video/webm","size":823022},{"uid":"eeeef416483701a5","name":"tracing","source":"eeeef416483701a5.zip","type":"archive/zip","size":3705384}],"parameters":[],"shouldDisplayMessage":false,"stepsCount":0,"attachmentsCount":2,"hasContent":true,"attachmentStep":false},{"name":"afterClass","time":{"start":1752031580505,"stop":1752031591040,"duration":10535},"description":"","status":"passed","steps":[],"attachments":[],"parameters":[],"shouldDisplayMessage":false,"stepsCount":0,"attachmentsCount":0,"hasContent":false,"attachmentStep":false}],"labels":[{"name":"package","value":"xyz.npgw.test.run.GatewayPageTest"},{"name":"testClass","value":"xyz.npgw.test.run.GatewayPageTest"},{"name":"testMethod","value":"testAddMerchantAcquirer"},{"name":"parentSuite","value":"suite name"},{"name":"suite","value":"test name"},{"name":"subSuite","value":"xyz.npgw.test.run.GatewayPageTest"},{"name":"host","value":"fv-az1692-676"},{"name":"thread","value":"2780@fv-az1692-676.TestNG-test-test name-3(25)"},{"name":"framework","value":"testng"},{"name":"language","value":"java"},{"name":"epic","value":"System/Gateway"},{"name":"feature","value":"Merchant acquirer"},{"name":"resultFormat","value":"allure2"}],"parameters":[],"links":[{"name":"763","url":"https://github.com/NPGW/npgw-ui-test/issues/763","type":"tms"}],"hidden":false,"retry":false,"extra":{"severity":"normal","retries":[{"uid":"44b463348804aefd","status":"skipped","statusDetails":"Acquirer '0709.032002 acquirer for gateway' not found in dropdown.","time":{"start":1752031314647,"stop":1752031321755,"duration":7108}}],"categories":[{"name":"Test defects","matchedStatuses":[],"flaky":false}],"tags":[]},"source":"6de68021f929d735.json","parameterValues":[]}