{"uid":"6935f40ac1d1555","name":"testTransactionSummaryMock","fullName":"xyz.npgw.test.run.DashboardPageTest.testTransactionSummaryMock","historyId":"2a68b6f078afc8bc07f5fa2e7522f8b5","time":{"start":1749362884150,"stop":1749362885463,"duration":1313},"description":"Correct transaction summary mock data is displayed on Dashboard page","descriptionHtml":"<p>Correct transaction summary mock data is displayed on Dashboard page</p>\n","status":"broken","statusMessage":"Company '0608.060205 dashboard company' not found. Dropdown list is empty.","statusTrace":"java.util.NoSuchElementException: Company '0608.060205 dashboard company' not found. Dropdown list is empty.\n\tat xyz.npgw.test.page.common.SelectCompanyComponent.selectCompany(SelectCompanyComponent.java:49)\n\tat xyz.npgw.test.run.DashboardPageTest.testTransactionSummaryMock(DashboardPageTest.java:216)\n\tat java.base/jdk.internal.reflect.NativeMethodAccessorImpl.invoke0(Native Method)\n\tat java.base/jdk.internal.reflect.NativeMethodAccessorImpl.invoke(NativeMethodAccessorImpl.java:77)\n\tat java.base/jdk.internal.reflect.DelegatingMethodAccessorImpl.invoke(DelegatingMethodAccessorImpl.java:43)\n\tat java.base/java.lang.reflect.Method.invoke(Method.java:569)\n\tat org.testng.internal.invokers.MethodInvocationHelper.invokeMethod(MethodInvocationHelper.java:141)\n\tat org.testng.internal.invokers.TestInvoker.invokeMethod(TestInvoker.java:686)\n\tat org.testng.internal.invokers.TestInvoker.retryFailed(TestInvoker.java:269)\n\tat org.testng.internal.invokers.MethodRunner.runInSequence(MethodRunner.java:76)\n\tat org.testng.internal.invokers.TestInvoker$MethodInvocationAgent.invoke(TestInvoker.java:992)\n\tat org.testng.internal.invokers.TestInvoker.invokeTestMethods(TestInvoker.java:203)\n\tat org.testng.internal.invokers.TestMethodWorker.invokeTestMethods(TestMethodWorker.java:154)\n\tat org.testng.internal.invokers.TestMethodWorker.run(TestMethodWorker.java:134)\n\tat java.base/java.util.concurrent.Executors$RunnableAdapter.call(Executors.java:539)\n\tat java.base/java.util.concurrent.FutureTask.run(FutureTask.java:264)\n\tat org.testng.internal.thread.graph.TestNGFutureTask.run(TestNGFutureTask.java:22)\n\tat java.base/java.util.concurrent.ThreadPoolExecutor.runWorker(ThreadPoolExecutor.java:1136)\n\tat java.base/java.util.concurrent.ThreadPoolExecutor$Worker.run(ThreadPoolExecutor.java:635)\n\tat java.base/java.lang.Thread.run(Thread.java:840)\n","flaky":false,"newFailed":false,"newBroken":false,"newPassed":false,"retriesCount":1,"retriesStatusChange":true,"beforeStages":[{"name":"beforeClass","time":{"start":1749362817336,"stop":1749362819904,"duration":2568},"description":"","status":"passed","steps":[],"attachments":[],"parameters":[],"shouldDisplayMessage":false,"stepsCount":0,"attachmentsCount":0,"hasContent":false,"attachmentStep":false},{"name":"beforeMethod","time":{"start":1749362877793,"stop":1749362884146,"duration":6353},"description":"","status":"passed","steps":[{"name":"Navigate to '/' endpoint","time":{"start":1749362878148,"stop":1749362879394,"duration":1246},"status":"passed","steps":[],"attachments":[],"parameters":[{"name":"url","value":"/"}],"shouldDisplayMessage":false,"stepsCount":0,"attachmentsCount":0,"hasContent":true,"attachmentStep":false},{"name":"Login to the site as '0608.060205.21.super@email.com'","time":{"start":1749362879394,"stop":1749362884146,"duration":4752},"status":"passed","steps":[{"name":"Enter the user's email in the 'Email' field","time":{"start":1749362879394,"stop":1749362880778,"duration":1384},"status":"passed","steps":[],"attachments":[],"parameters":[{"name":"userEmail","value":"0608.060205.21.super@email.com"}],"shouldDisplayMessage":false,"stepsCount":0,"attachmentsCount":0,"hasContent":true,"attachmentStep":false},{"name":"Enter the user's password in the 'Password' field","time":{"start":1749362880778,"stop":1749362880819,"duration":41},"status":"passed","steps":[],"attachments":[],"parameters":[{"name":"Password","value":"******"}],"shouldDisplayMessage":false,"stepsCount":0,"attachmentsCount":0,"hasContent":true,"attachmentStep":false},{"name":"Press 'Login' button","time":{"start":1749362880819,"stop":1749362880936,"duration":117},"status":"passed","steps":[],"attachments":[],"parameters":[],"shouldDisplayMessage":false,"stepsCount":0,"attachmentsCount":0,"hasContent":false,"attachmentStep":false}],"attachments":[],"parameters":[{"name":"email","value":"0608.060205.21.super@email.com"},{"name":"password","value":"Qwerty123!"}],"shouldDisplayMessage":false,"stepsCount":3,"attachmentsCount":0,"hasContent":true,"attachmentStep":false}],"attachments":[],"parameters":[],"shouldDisplayMessage":false,"stepsCount":5,"attachmentsCount":0,"hasContent":true,"attachmentStep":false}],"testStage":{"description":"Correct transaction summary mock data is displayed on Dashboard page","status":"broken","statusMessage":"Company '0608.060205 dashboard company' not found. Dropdown list is empty.","statusTrace":"java.util.NoSuchElementException: Company '0608.060205 dashboard company' not found. Dropdown list is empty.\n\tat xyz.npgw.test.page.common.SelectCompanyComponent.selectCompany(SelectCompanyComponent.java:49)\n\tat xyz.npgw.test.run.DashboardPageTest.testTransactionSummaryMock(DashboardPageTest.java:216)\n\tat java.base/jdk.internal.reflect.NativeMethodAccessorImpl.invoke0(Native Method)\n\tat java.base/jdk.internal.reflect.NativeMethodAccessorImpl.invoke(NativeMethodAccessorImpl.java:77)\n\tat java.base/jdk.internal.reflect.DelegatingMethodAccessorImpl.invoke(DelegatingMethodAccessorImpl.java:43)\n\tat java.base/java.lang.reflect.Method.invoke(Method.java:569)\n\tat org.testng.internal.invokers.MethodInvocationHelper.invokeMethod(MethodInvocationHelper.java:141)\n\tat org.testng.internal.invokers.TestInvoker.invokeMethod(TestInvoker.java:686)\n\tat org.testng.internal.invokers.TestInvoker.retryFailed(TestInvoker.java:269)\n\tat org.testng.internal.invokers.MethodRunner.runInSequence(MethodRunner.java:76)\n\tat org.testng.internal.invokers.TestInvoker$MethodInvocationAgent.invoke(TestInvoker.java:992)\n\tat org.testng.internal.invokers.TestInvoker.invokeTestMethods(TestInvoker.java:203)\n\tat org.testng.internal.invokers.TestMethodWorker.invokeTestMethods(TestMethodWorker.java:154)\n\tat org.testng.internal.invokers.TestMethodWorker.run(TestMethodWorker.java:134)\n\tat java.base/java.util.concurrent.Executors$RunnableAdapter.call(Executors.java:539)\n\tat java.base/java.util.concurrent.FutureTask.run(FutureTask.java:264)\n\tat org.testng.internal.thread.graph.TestNGFutureTask.run(TestNGFutureTask.java:22)\n\tat java.base/java.util.concurrent.ThreadPoolExecutor.runWorker(ThreadPoolExecutor.java:1136)\n\tat java.base/java.util.concurrent.ThreadPoolExecutor$Worker.run(ThreadPoolExecutor.java:635)\n\tat java.base/java.lang.Thread.run(Thread.java:840)\n","steps":[{"name":"Set start and end date: 01-05-2025 to 31-05-2025","time":{"start":1749362884160,"stop":1749362885337,"duration":1177},"status":"passed","steps":[],"attachments":[],"parameters":[{"name":"startDate","value":"01-05-2025"},{"name":"endDate","value":"31-05-2025"}],"shouldDisplayMessage":false,"stepsCount":0,"attachmentsCount":0,"hasContent":true,"attachmentStep":false},{"name":"Select '0608.060205 dashboard company' company using filter","time":{"start":1749362885339,"stop":1749362885463,"duration":124},"status":"broken","statusMessage":"Company '0608.060205 dashboard company' not found. Dropdown list is empty.","statusTrace":"java.util.NoSuchElementException: Company '0608.060205 dashboard company' not found. Dropdown list is empty.\n\tat xyz.npgw.test.page.common.SelectCompanyComponent.selectCompany(SelectCompanyComponent.java:49)\n\tat xyz.npgw.test.run.DashboardPageTest.testTransactionSummaryMock(DashboardPageTest.java:216)\n\tat java.base/jdk.internal.reflect.NativeMethodAccessorImpl.invoke0(Native Method)\n\tat java.base/jdk.internal.reflect.NativeMethodAccessorImpl.invoke(NativeMethodAccessorImpl.java:77)\n\tat java.base/jdk.internal.reflect.DelegatingMethodAccessorImpl.invoke(DelegatingMethodAccessorImpl.java:43)\n\tat java.base/java.lang.reflect.Method.invoke(Method.java:569)\n\tat org.testng.internal.invokers.MethodInvocationHelper.invokeMethod(MethodInvocationHelper.java:141)\n\tat org.testng.internal.invokers.TestInvoker.invokeMethod(TestInvoker.java:686)\n\tat org.testng.internal.invokers.TestInvoker.retryFailed(TestInvoker.java:269)\n\tat org.testng.internal.invokers.MethodRunner.runInSequence(MethodRunner.java:76)\n\tat org.testng.internal.invokers.TestInvoker$MethodInvocationAgent.invoke(TestInvoker.java:992)\n\tat org.testng.internal.invokers.TestInvoker.invokeTestMethods(TestInvoker.java:203)\n\tat org.testng.internal.invokers.TestMethodWorker.invokeTestMethods(TestMethodWorker.java:154)\n\tat org.testng.internal.invokers.TestMethodWorker.run(TestMethodWorker.java:134)\n\tat java.base/java.util.concurrent.Executors$RunnableAdapter.call(Executors.java:539)\n\tat java.base/java.util.concurrent.FutureTask.run(FutureTask.java:264)\n\tat org.testng.internal.thread.graph.TestNGFutureTask.run(TestNGFutureTask.java:22)\n\tat java.base/java.util.concurrent.ThreadPoolExecutor.runWorker(ThreadPoolExecutor.java:1136)\n\tat java.base/java.util.concurrent.ThreadPoolExecutor$Worker.run(ThreadPoolExecutor.java:635)\n\tat java.base/java.lang.Thread.run(Thread.java:840)\n","steps":[],"attachments":[],"parameters":[{"name":"companyName","value":"0608.060205 dashboard company"}],"shouldDisplayMessage":true,"stepsCount":0,"attachmentsCount":0,"hasContent":true,"attachmentStep":false}],"attachments":[],"parameters":[],"shouldDisplayMessage":false,"stepsCount":2,"attachmentsCount":0,"hasContent":true,"attachmentStep":false},"afterStages":[{"name":"afterMethod","time":{"start":1749362885464,"stop":1749362885759,"duration":295},"description":"","status":"passed","steps":[],"attachments":[{"uid":"6504b3cce6b6b150","name":"video","source":"6504b3cce6b6b150.webm","type":"video/webm","size":265998},{"uid":"51439af84b4df1ae","name":"tracing","source":"51439af84b4df1ae.zip","type":"archive/zip","size":1954459}],"parameters":[],"shouldDisplayMessage":false,"stepsCount":0,"attachmentsCount":2,"hasContent":true,"attachmentStep":false},{"name":"afterClass","time":{"start":1749362893944,"stop":1749362897594,"duration":3650},"description":"","status":"passed","steps":[],"attachments":[],"parameters":[],"shouldDisplayMessage":false,"stepsCount":0,"attachmentsCount":0,"hasContent":false,"attachmentStep":false}],"labels":[{"name":"package","value":"xyz.npgw.test.run.DashboardPageTest"},{"name":"testClass","value":"xyz.npgw.test.run.DashboardPageTest"},{"name":"testMethod","value":"testTransactionSummaryMock"},{"name":"parentSuite","value":"suite name"},{"name":"suite","value":"test name"},{"name":"subSuite","value":"xyz.npgw.test.run.DashboardPageTest"},{"name":"host","value":"fv-az1755-373"},{"name":"thread","value":"2783@fv-az1755-373.TestNG-test-test name-2(21)"},{"name":"framework","value":"testng"},{"name":"language","value":"java"},{"name":"epic","value":"Dashboard"},{"name":"feature","value":"Transaction summary mock data"},{"name":"resultFormat","value":"allure2"}],"parameters":[],"links":[{"name":"720","url":"https://github.com/NPGW/npgw-ui-test/issues/720","type":"tms"}],"hidden":false,"retry":false,"extra":{"severity":"normal","retries":[{"uid":"94b65de0f4639b19","status":"skipped","statusDetails":"Company '0608.060205 dashboard company' not found. Dropdown list is empty.","time":{"start":1749362876658,"stop":1749362877785,"duration":1127}}],"categories":[{"name":"Test defects","matchedStatuses":[],"flaky":false}],"tags":[]},"source":"6935f40ac1d1555.json","parameterValues":[]}